#-----------------------------------------------------------
# Vivado v2023.2 (64-bit)
# SW Build 4029153 on Fri Oct 13 20:14:34 MDT 2023
# IP Build 4028589 on Sat Oct 14 00:45:43 MDT 2023
# SharedData Build 4025554 on Tue Oct 10 17:18:54 MDT 2023
# Start of session at: Tue Aug 27 16:46:57 2024
# Process ID: 37848
# Current directory: C:/Users/USER/Documents/Leor Brenner/Final_Project/full_encrypt_decrypt_vivado
# Command line: vivado.exe -gui_launcher_event rodinguilauncherevent6224 C:\Users\USER\Documents\Leor Brenner\Final_Project\full_encrypt_decrypt_vivado\full_encrypt_decrypt_vivado.xpr
# Log file: C:/Users/USER/Documents/Leor Brenner/Final_Project/full_encrypt_decrypt_vivado/vivado.log
# Journal file: C:/Users/USER/Documents/Leor Brenner/Final_Project/full_encrypt_decrypt_vivado\vivado.jou
# Running On: Leor-PC-5530, OS: Windows, CPU Frequency: 2112 MHz, CPU Physical cores: 12, Host memory: 16849 MB
#-----------------------------------------------------------
start_gui
open_project {C:/Users/USER/Documents/Leor Brenner/Final_Project/full_encrypt_decrypt_vivado/full_encrypt_decrypt_vivado.xpr}
WARNING: [Board 49-26] cannot add Board Part xilinx.com:vek280_es:part0:1.0 available at C:/Xilinx/Vivado/2023.2/data/xhub/boards/XilinxBoardStore/boards/Xilinx/vek280/es/rev_a/1.0/board.xml as part xcve2802-vsvh1760-2lp-e-s-es1 specified in board_part file is either invalid or not available
WARNING: [Board 49-26] cannot add Board Part xilinx.com:vek280_es:part0:1.1 available at C:/Xilinx/Vivado/2023.2/data/xhub/boards/XilinxBoardStore/boards/Xilinx/vek280/es/rev_a/1.1/board.xml as part xcve2802-vsvh1760-2lp-e-s-es1 specified in board_part file is either invalid or not available
WARNING: [Board 49-26] cannot add Board Part xilinx.com:vek280_es_revb:part0:1.0 available at C:/Xilinx/Vivado/2023.2/data/xhub/boards/XilinxBoardStore/boards/Xilinx/vek280/es/rev_b/1.0/board.xml as part xcve2802-vsvh1760-2mp-e-s-es1 specified in board_part file is either invalid or not available
WARNING: [Board 49-26] cannot add Board Part xilinx.com:vek280_es_revb:part0:1.1 available at C:/Xilinx/Vivado/2023.2/data/xhub/boards/XilinxBoardStore/boards/Xilinx/vek280/es/rev_b/1.1/board.xml as part xcve2802-vsvh1760-2mp-e-s-es1 specified in board_part file is either invalid or not available
WARNING: [Board 49-26] cannot add Board Part xilinx.com:vhk158_es:part0:1.0 available at C:/Xilinx/Vivado/2023.2/data/xhub/boards/XilinxBoardStore/boards/Xilinx/vhk158/es/1.0/board.xml as part xcvh1582-vsva3697-2mp-e-s-es1 specified in board_part file is either invalid or not available
WARNING: [Board 49-26] cannot add Board Part xilinx.com:vhk158_es:part0:1.1 available at C:/Xilinx/Vivado/2023.2/data/xhub/boards/XilinxBoardStore/boards/Xilinx/vhk158/es/1.1/board.xml as part xcvh1582-vsva3697-2mp-e-s-es1 specified in board_part file is either invalid or not available
WARNING: [Board 49-26] cannot add Board Part xilinx.com:zcu208ld:part0:2.0 available at C:/Xilinx/Vivado/2023.2/data/xhub/boards/XilinxBoardStore/boards/Xilinx/zcu208ld/production/2.0/board.xml as part xczu58dr-fsvg1517-2-i specified in board_part file is either invalid or not available
WARNING: [Board 49-26] cannot add Board Part xilinx.com:zcu216ld:part0:2.0 available at C:/Xilinx/Vivado/2023.2/data/xhub/boards/XilinxBoardStore/boards/Xilinx/zcu216ld/production/2.0/board.xml as part xczu59dr-ffvf1760-2-i specified in board_part file is either invalid or not available
WARNING: [Board 49-26] cannot add Board Part xilinx.com:zcu670:part0:2.0 available at C:/Xilinx/Vivado/2023.2/data/xhub/boards/XilinxBoardStore/boards/Xilinx/zcu670/2.0/board.xml as part xczu67dr-fsve1156-2-i specified in board_part file is either invalid or not available
WARNING: [Board 49-26] cannot add Board Part xilinx.com:zcu670ld:part0:1.0 available at C:/Xilinx/Vivado/2023.2/data/xhub/boards/XilinxBoardStore/boards/Xilinx/zcu670ld/1.0/board.xml as part xczu57dr-fsve1156-2-i specified in board_part file is either invalid or not available
INFO: [filemgmt 56-3] Default IP Output Path : Could not find the directory 'C:/Users/USER/Documents/Leor Brenner/Final_Project/full_encrypt_decrypt_vivado/full_encrypt_decrypt_vivado.gen/sources_1'.
Scanning sources...
Finished scanning sources
INFO: [IP_Flow 19-234] Refreshing IP repositories
INFO: [IP_Flow 19-1704] No user IP repositories specified
INFO: [IP_Flow 19-2313] Loaded Vivado IP repository 'C:/Xilinx/Vivado/2023.2/data/ip'.
open_project: Time (s): cpu = 00:00:22 ; elapsed = 00:00:18 . Memory (MB): peak = 1598.848 ; gain = 356.184
update_compile_order -fileset sources_1
set_property view.type table [get_dashboard_gadgets [list {utilization_1}]]
1
set_property view.type graph [get_dashboard_gadgets [list {utilization_1}]]
1
open_run impl_1
INFO: [Device 21-403] Loading part xc7a35tcpg236-1
Netlist sorting complete. Time (s): cpu = 00:00:00 ; elapsed = 00:00:00.081 . Memory (MB): peak = 1963.984 ; gain = 0.000
INFO: [Netlist 29-17] Analyzing 27 Unisim elements for replacement
INFO: [Netlist 29-28] Unisim Transformation completed in 0 CPU seconds
INFO: [Project 1-479] Netlist was created with Vivado 2023.2
INFO: [Project 1-570] Preparing netlist for logic optimization
Read ShapeDB Complete: Time (s): cpu = 00:00:00 ; elapsed = 00:00:00.030 . Memory (MB): peak = 2071.000 ; gain = 2.742
INFO: [Timing 38-478] Restoring timing data from binary archive.
INFO: [Timing 38-479] Binary timing data restore complete.
INFO: [Project 1-856] Restoring constraints from binary archive.
INFO: [Project 1-853] Binary constraint restore complete.
INFO: [Designutils 20-5722] Start Reading Physical Databases.
Reading placement.
Read Netlist Cache: Time (s): cpu = 00:00:00 ; elapsed = 00:00:00.006 . Memory (MB): peak = 2681.250 ; gain = 0.000
Reading placer database...
Read Device Cache: Time (s): cpu = 00:00:00 ; elapsed = 00:00:00.007 . Memory (MB): peak = 2681.250 ; gain = 0.000
Read PlaceDB: Time (s): cpu = 00:00:01 ; elapsed = 00:00:00.193 . Memory (MB): peak = 2681.250 ; gain = 0.000
Read PulsedLatchDB: Time (s): cpu = 00:00:00 ; elapsed = 00:00:00 . Memory (MB): peak = 2681.250 ; gain = 0.000
Reading routing.
Read RouteStorage: Time (s): cpu = 00:00:00 ; elapsed = 00:00:00.106 . Memory (MB): peak = 2681.250 ; gain = 0.000
Read Physdb Files: Time (s): cpu = 00:00:01 ; elapsed = 00:00:00.339 . Memory (MB): peak = 2681.250 ; gain = 0.000
Restored from archive | CPU: 1.000000 secs | Memory: 0.000000 MB |
Finished XDEF File Restore: Time (s): cpu = 00:00:01 ; elapsed = 00:00:00.347 . Memory (MB): peak = 2681.250 ; gain = 0.000
Netlist sorting complete. Time (s): cpu = 00:00:00 ; elapsed = 00:00:00.002 . Memory (MB): peak = 2681.250 ; gain = 0.000
INFO: [Project 1-111] Unisim Transformation Summary:
No Unisim elements were transformed.

open_run: Time (s): cpu = 00:00:20 ; elapsed = 00:00:17 . Memory (MB): peak = 2801.133 ; gain = 1179.590
report_utilization -name utilization_1
report_utilization -hierarchical -filter {name == "simon_cipher_top_encrypt_decrypt"}
ERROR: [Common 17-170] Unknown option '-filter', please type 'report_utilization -help' for usage info.
report_utilization -hierarchical
Copyright 1986-2022 Xilinx, Inc. All Rights Reserved. Copyright 2022-2023 Advanced Micro Devices, Inc. All Rights Reserved.
---------------------------------------------------------------------------------------------------------------------------------------------
| Tool Version : Vivado v.2023.2 (win64) Build 4029153 Fri Oct 13 20:14:34 MDT 2023
| Date         : Tue Aug 27 17:54:13 2024
| Host         : Leor-PC-5530 running 64-bit major release  (build 9200)
| Command      : report_utilization -hierarchical
| Design       : simon_cipher_top_encrypt_decrypt
| Device       : xc7a35tcpg236-1
| Speed File   : -1
| Design State : Routed
---------------------------------------------------------------------------------------------------------------------------------------------

Utilization Design Information

Table of Contents
-----------------
1. Utilization by Hierarchy

1. Utilization by Hierarchy
---------------------------

+--------------------------------------+--------------------------------+------------+------------+---------+------+------+--------+--------+------------+
|               Instance               |             Module             | Total LUTs | Logic LUTs | LUTRAMs | SRLs |  FFs | RAMB36 | RAMB18 | DSP Blocks |
+--------------------------------------+--------------------------------+------------+------------+---------+------+------+--------+--------+------------+
| simon_cipher_top_encrypt_decrypt     |                          (top) |       2570 |       2570 |       0 |    0 | 7537 |      0 |      0 |          0 |
|   (simon_cipher_top_encrypt_decrypt) |                          (top) |          0 |          0 |       0 |    0 |   40 |      0 |      0 |          0 |
|   decrypt                            | simon_cipher_hierarchy_decrypt |       1205 |       1205 |       0 |    0 | 3498 |      0 |      0 |          0 |
|     (decrypt)                        | simon_cipher_hierarchy_decrypt |         37 |         37 |       0 |    0 | 1066 |      0 |      0 |          0 |
|     key_schedule_create              |      key_schedule_generator_58 |        672 |        672 |       0 |    0 | 1408 |      0 |      0 |          0 |
|       (key_schedule_create)          |      key_schedule_generator_58 |          0 |          0 |       0 |    0 |  512 |      0 |      0 |          0 |
|       sub_key_generator_10           |           sub_key_generator_91 |         24 |         24 |       0 |    0 |   32 |      0 |      0 |          0 |
|       sub_key_generator_11           |           sub_key_generator_92 |         24 |         24 |       0 |    0 |   32 |      0 |      0 |          0 |
|       sub_key_generator_12           |           sub_key_generator_93 |         24 |         24 |       0 |    0 |   32 |      0 |      0 |          0 |
|       sub_key_generator_13           |           sub_key_generator_94 |         24 |         24 |       0 |    0 |   32 |      0 |      0 |          0 |
|       sub_key_generator_14           |           sub_key_generator_95 |         24 |         24 |       0 |    0 |   32 |      0 |      0 |          0 |
|       sub_key_generator_15           |           sub_key_generator_96 |         24 |         24 |       0 |    0 |   32 |      0 |      0 |          0 |
|       sub_key_generator_16           |           sub_key_generator_97 |         24 |         24 |       0 |    0 |   32 |      0 |      0 |          0 |
|       sub_key_generator_17           |           sub_key_generator_98 |         24 |         24 |       0 |    0 |   32 |      0 |      0 |          0 |
|       sub_key_generator_18           |           sub_key_generator_99 |         24 |         24 |       0 |    0 |   32 |      0 |      0 |          0 |
|       sub_key_generator_19           |          sub_key_generator_100 |         24 |         24 |       0 |    0 |   32 |      0 |      0 |          0 |
|       sub_key_generator_20           |          sub_key_generator_101 |         24 |         24 |       0 |    0 |   32 |      0 |      0 |          0 |
|       sub_key_generator_21           |          sub_key_generator_102 |         24 |         24 |       0 |    0 |   32 |      0 |      0 |          0 |
|       sub_key_generator_22           |          sub_key_generator_103 |         24 |         24 |       0 |    0 |   32 |      0 |      0 |          0 |
|       sub_key_generator_23           |          sub_key_generator_104 |         24 |         24 |       0 |    0 |   32 |      0 |      0 |          0 |
|       sub_key_generator_24           |          sub_key_generator_105 |         24 |         24 |       0 |    0 |   32 |      0 |      0 |          0 |
|       sub_key_generator_25           |          sub_key_generator_106 |         24 |         24 |       0 |    0 |   32 |      0 |      0 |          0 |
|       sub_key_generator_26           |          sub_key_generator_107 |         24 |         24 |       0 |    0 |   32 |      0 |      0 |          0 |
|       sub_key_generator_27           |          sub_key_generator_108 |         24 |         24 |       0 |    0 |   32 |      0 |      0 |          0 |
|       sub_key_generator_28           |          sub_key_generator_109 |         24 |         24 |       0 |    0 |   32 |      0 |      0 |          0 |
|       sub_key_generator_29           |          sub_key_generator_110 |         24 |         24 |       0 |    0 |   32 |      0 |      0 |          0 |
|       sub_key_generator_30           |          sub_key_generator_111 |         24 |         24 |       0 |    0 |   32 |      0 |      0 |          0 |
|       sub_key_generator_31           |          sub_key_generator_112 |         24 |         24 |       0 |    0 |   32 |      0 |      0 |          0 |
|       sub_key_generator_4            |          sub_key_generator_113 |         24 |         24 |       0 |    0 |   32 |      0 |      0 |          0 |
|       sub_key_generator_5            |          sub_key_generator_114 |         24 |         24 |       0 |    0 |   32 |      0 |      0 |          0 |
|       sub_key_generator_6            |          sub_key_generator_115 |         24 |         24 |       0 |    0 |   32 |      0 |      0 |          0 |
|       sub_key_generator_7            |          sub_key_generator_116 |         24 |         24 |       0 |    0 |   32 |      0 |      0 |          0 |
|       sub_key_generator_8            |          sub_key_generator_117 |         24 |         24 |       0 |    0 |   32 |      0 |      0 |          0 |
|       sub_key_generator_9            |          sub_key_generator_118 |         24 |         24 |       0 |    0 |   32 |      0 |      0 |          0 |
|     round_1                          |                       round_59 |          0 |          0 |       0 |    0 |   32 |      0 |      0 |          0 |
|     round_10                         |                       round_60 |         16 |         16 |       0 |    0 |   32 |      0 |      0 |          0 |
|     round_11                         |                       round_61 |         16 |         16 |       0 |    0 |   32 |      0 |      0 |          0 |
|     round_12                         |                       round_62 |         16 |         16 |       0 |    0 |   32 |      0 |      0 |          0 |
|     round_13                         |                       round_63 |         16 |         16 |       0 |    0 |   32 |      0 |      0 |          0 |
|     round_14                         |                       round_64 |         16 |         16 |       0 |    0 |   32 |      0 |      0 |          0 |
|     round_15                         |                       round_65 |         16 |         16 |       0 |    0 |   32 |      0 |      0 |          0 |
|     round_16                         |                       round_66 |         16 |         16 |       0 |    0 |   32 |      0 |      0 |          0 |
|     round_17                         |                       round_67 |         16 |         16 |       0 |    0 |   32 |      0 |      0 |          0 |
|     round_18                         |                       round_68 |         16 |         16 |       0 |    0 |   32 |      0 |      0 |          0 |
|     round_19                         |                       round_69 |         16 |         16 |       0 |    0 |   32 |      0 |      0 |          0 |
|     round_2                          |                       round_70 |         16 |         16 |       0 |    0 |   32 |      0 |      0 |          0 |
|     round_20                         |                       round_71 |         16 |         16 |       0 |    0 |   32 |      0 |      0 |          0 |
|     round_21                         |                       round_72 |         16 |         16 |       0 |    0 |   32 |      0 |      0 |          0 |
|     round_22                         |                       round_73 |         16 |         16 |       0 |    0 |   32 |      0 |      0 |          0 |
|     round_23                         |                       round_74 |         16 |         16 |       0 |    0 |   32 |      0 |      0 |          0 |
|     round_24                         |                       round_75 |         16 |         16 |       0 |    0 |   32 |      0 |      0 |          0 |
|     round_25                         |                       round_76 |         16 |         16 |       0 |    0 |   32 |      0 |      0 |          0 |
|     round_26                         |                       round_77 |         16 |         16 |       0 |    0 |   32 |      0 |      0 |          0 |
|     round_27                         |                       round_78 |         16 |         16 |       0 |    0 |   32 |      0 |      0 |          0 |
|     round_28                         |                       round_79 |         16 |         16 |       0 |    0 |   32 |      0 |      0 |          0 |
|     round_29                         |                       round_80 |         16 |         16 |       0 |    0 |   32 |      0 |      0 |          0 |
|     round_3                          |                       round_81 |         16 |         16 |       0 |    0 |   32 |      0 |      0 |          0 |
|     round_30                         |                       round_82 |         16 |         16 |       0 |    0 |   32 |      0 |      0 |          0 |
|     round_31                         |                       round_83 |         16 |         16 |       0 |    0 |   32 |      0 |      0 |          0 |
|     round_32                         |                       round_84 |         16 |         16 |       0 |    0 |   32 |      0 |      0 |          0 |
|     round_4                          |                       round_85 |         16 |         16 |       0 |    0 |   32 |      0 |      0 |          0 |
|     round_5                          |                       round_86 |         16 |         16 |       0 |    0 |   32 |      0 |      0 |          0 |
|     round_6                          |                       round_87 |         16 |         16 |       0 |    0 |   32 |      0 |      0 |          0 |
|     round_7                          |                       round_88 |         16 |         16 |       0 |    0 |   32 |      0 |      0 |          0 |
|     round_8                          |                       round_89 |         16 |         16 |       0 |    0 |   32 |      0 |      0 |          0 |
|     round_9                          |                       round_90 |         16 |         16 |       0 |    0 |   32 |      0 |      0 |          0 |
|   encrypt                            | simon_cipher_hierarchy_encrypt |       1269 |       1269 |       0 |    0 | 3689 |      0 |      0 |          0 |
|     (encrypt)                        | simon_cipher_hierarchy_encrypt |         69 |         69 |       0 |    0 | 1193 |      0 |      0 |          0 |
|     key_schedule_create              |         key_schedule_generator |        688 |        688 |       0 |    0 | 1472 |      0 |      0 |          0 |
|       (key_schedule_create)          |         key_schedule_generator |         16 |         16 |       0 |    0 |  576 |      0 |      0 |          0 |
|       sub_key_generator_10           |              sub_key_generator |         24 |         24 |       0 |    0 |   32 |      0 |      0 |          0 |
|       sub_key_generator_11           |           sub_key_generator_31 |         24 |         24 |       0 |    0 |   32 |      0 |      0 |          0 |
|       sub_key_generator_12           |           sub_key_generator_32 |         24 |         24 |       0 |    0 |   32 |      0 |      0 |          0 |
|       sub_key_generator_13           |           sub_key_generator_33 |         24 |         24 |       0 |    0 |   32 |      0 |      0 |          0 |
|       sub_key_generator_14           |           sub_key_generator_34 |         24 |         24 |       0 |    0 |   32 |      0 |      0 |          0 |
|       sub_key_generator_15           |           sub_key_generator_35 |         24 |         24 |       0 |    0 |   32 |      0 |      0 |          0 |
|       sub_key_generator_16           |           sub_key_generator_36 |         24 |         24 |       0 |    0 |   32 |      0 |      0 |          0 |
|       sub_key_generator_17           |           sub_key_generator_37 |         24 |         24 |       0 |    0 |   32 |      0 |      0 |          0 |
|       sub_key_generator_18           |           sub_key_generator_38 |         24 |         24 |       0 |    0 |   32 |      0 |      0 |          0 |
|       sub_key_generator_19           |           sub_key_generator_39 |         24 |         24 |       0 |    0 |   32 |      0 |      0 |          0 |
|       sub_key_generator_20           |           sub_key_generator_40 |         24 |         24 |       0 |    0 |   32 |      0 |      0 |          0 |
|       sub_key_generator_21           |           sub_key_generator_41 |         24 |         24 |       0 |    0 |   32 |      0 |      0 |          0 |
|       sub_key_generator_22           |           sub_key_generator_42 |         24 |         24 |       0 |    0 |   32 |      0 |      0 |          0 |
|       sub_key_generator_23           |           sub_key_generator_43 |         24 |         24 |       0 |    0 |   32 |      0 |      0 |          0 |
|       sub_key_generator_24           |           sub_key_generator_44 |         24 |         24 |       0 |    0 |   32 |      0 |      0 |          0 |
|       sub_key_generator_25           |           sub_key_generator_45 |         24 |         24 |       0 |    0 |   32 |      0 |      0 |          0 |
|       sub_key_generator_26           |           sub_key_generator_46 |         24 |         24 |       0 |    0 |   32 |      0 |      0 |          0 |
|       sub_key_generator_27           |           sub_key_generator_47 |         24 |         24 |       0 |    0 |   32 |      0 |      0 |          0 |
|       sub_key_generator_28           |           sub_key_generator_48 |         24 |         24 |       0 |    0 |   32 |      0 |      0 |          0 |
|       sub_key_generator_29           |           sub_key_generator_49 |         24 |         24 |       0 |    0 |   32 |      0 |      0 |          0 |
|       sub_key_generator_30           |           sub_key_generator_50 |         24 |         24 |       0 |    0 |   32 |      0 |      0 |          0 |
|       sub_key_generator_31           |           sub_key_generator_51 |         24 |         24 |       0 |    0 |   32 |      0 |      0 |          0 |
|       sub_key_generator_4            |           sub_key_generator_52 |         24 |         24 |       0 |    0 |   32 |      0 |      0 |          0 |
|       sub_key_generator_5            |           sub_key_generator_53 |         24 |         24 |       0 |    0 |   32 |      0 |      0 |          0 |
|       sub_key_generator_6            |           sub_key_generator_54 |         24 |         24 |       0 |    0 |   32 |      0 |      0 |          0 |
|       sub_key_generator_7            |           sub_key_generator_55 |         24 |         24 |       0 |    0 |   32 |      0 |      0 |          0 |
|       sub_key_generator_8            |           sub_key_generator_56 |         24 |         24 |       0 |    0 |   32 |      0 |      0 |          0 |
|       sub_key_generator_9            |           sub_key_generator_57 |         24 |         24 |       0 |    0 |   32 |      0 |      0 |          0 |
|     round_1                          |                          round |         16 |         16 |       0 |    0 |   32 |      0 |      0 |          0 |
|     round_10                         |                        round_0 |         16 |         16 |       0 |    0 |   32 |      0 |      0 |          0 |
|     round_11                         |                        round_1 |         16 |         16 |       0 |    0 |   32 |      0 |      0 |          0 |
|     round_12                         |                        round_2 |         16 |         16 |       0 |    0 |   32 |      0 |      0 |          0 |
|     round_13                         |                        round_3 |         16 |         16 |       0 |    0 |   32 |      0 |      0 |          0 |
|     round_14                         |                        round_4 |         16 |         16 |       0 |    0 |   32 |      0 |      0 |          0 |
|     round_15                         |                        round_5 |         16 |         16 |       0 |    0 |   32 |      0 |      0 |          0 |
|     round_16                         |                        round_6 |         16 |         16 |       0 |    0 |   32 |      0 |      0 |          0 |
|     round_17                         |                        round_7 |         16 |         16 |       0 |    0 |   32 |      0 |      0 |          0 |
|     round_18                         |                        round_8 |         16 |         16 |       0 |    0 |   32 |      0 |      0 |          0 |
|     round_19                         |                        round_9 |         16 |         16 |       0 |    0 |   32 |      0 |      0 |          0 |
|     round_2                          |                       round_10 |         16 |         16 |       0 |    0 |   32 |      0 |      0 |          0 |
|     round_20                         |                       round_11 |         16 |         16 |       0 |    0 |   32 |      0 |      0 |          0 |
|     round_21                         |                       round_12 |         16 |         16 |       0 |    0 |   32 |      0 |      0 |          0 |
|     round_22                         |                       round_13 |         16 |         16 |       0 |    0 |   32 |      0 |      0 |          0 |
|     round_23                         |                       round_14 |         16 |         16 |       0 |    0 |   32 |      0 |      0 |          0 |
|     round_24                         |                       round_15 |         16 |         16 |       0 |    0 |   32 |      0 |      0 |          0 |
|     round_25                         |                       round_16 |         16 |         16 |       0 |    0 |   32 |      0 |      0 |          0 |
|     round_26                         |                       round_17 |         16 |         16 |       0 |    0 |   32 |      0 |      0 |          0 |
|     round_27                         |                       round_18 |         16 |         16 |       0 |    0 |   32 |      0 |      0 |          0 |
|     round_28                         |                       round_19 |         16 |         16 |       0 |    0 |   32 |      0 |      0 |          0 |
|     round_29                         |                       round_20 |         16 |         16 |       0 |    0 |   32 |      0 |      0 |          0 |
|     round_3                          |                       round_21 |         16 |         16 |       0 |    0 |   32 |      0 |      0 |          0 |
|     round_30                         |                       round_22 |         16 |         16 |       0 |    0 |   32 |      0 |      0 |          0 |
|     round_31                         |                       round_23 |         16 |         16 |       0 |    0 |   32 |      0 |      0 |          0 |
|     round_32                         |                       round_24 |         16 |         16 |       0 |    0 |   32 |      0 |      0 |          0 |
|     round_4                          |                       round_25 |         16 |         16 |       0 |    0 |   32 |      0 |      0 |          0 |
|     round_5                          |                       round_26 |         16 |         16 |       0 |    0 |   32 |      0 |      0 |          0 |
|     round_6                          |                       round_27 |         16 |         16 |       0 |    0 |   32 |      0 |      0 |          0 |
|     round_7                          |                       round_28 |         16 |         16 |       0 |    0 |   32 |      0 |      0 |          0 |
|     round_8                          |                       round_29 |         16 |         16 |       0 |    0 |   32 |      0 |      0 |          0 |
|     round_9                          |                       round_30 |         16 |         16 |       0 |    0 |   32 |      0 |      0 |          0 |
|   full_rxd_do                        |                       get_data |         50 |         50 |       0 |    0 |  234 |      0 |      0 |          0 |
|     (full_rxd_do)                    |                       get_data |         13 |         13 |       0 |    0 |  201 |      0 |      0 |          0 |
|     rxd_do                           |                       uart_rxd |         37 |         37 |       0 |    0 |   33 |      0 |      0 |          0 |
|   full_txd_do                        |                      send_data |         36 |         36 |       0 |    0 |   48 |      0 |      0 |          0 |
|     (full_txd_do)                    |                      send_data |         20 |         20 |       0 |    0 |   15 |      0 |      0 |          0 |
|     txd_do                           |               uart_txd_combine |         16 |         16 |       0 |    0 |   33 |      0 |      0 |          0 |
|   seven_seg_output                   |                  seven_segment |         10 |         10 |       0 |    0 |   28 |      0 |      0 |          0 |
+--------------------------------------+--------------------------------+------------+------------+---------+------+------+--------+--------+------------+
* Note: The sum of lower-level cells may be larger than their parent cells total, due to cross-hierarchy LUT combining


report_utilization -help
report_utilization

Description: 
Compute utilization of device and display report

Syntax: 
report_utilization  [-file <arg>] [-append] [-pblocks <args>]
                    [-evaluate_pblock] [-exclude_child_pblocks]
                    [-exclude_non_assigned] [-cells <args>] [-return_string]
                    [-slr] [-packthru] [-name <arg>] [-no_primitives]
                    [-omit_locs] [-hierarchical] [-spreadsheet_file <arg>]
                    [-spreadsheet_table <arg>] [-spreadsheet_depth <arg>]
                    [-hierarchical_depth <arg>] [-hierarchical_percentages]
                    [-quiet] [-verbose]

Returns: 
Report

Usage: 
  Name                         Description
  ----------------------------------------
  [-file]                      Filename to output results to. (send output to
                               console if -file is not used)
  [-append]                    Append the results to file, don't overwrite 
                               the results file
  [-pblocks]                   Report utilization of given pblock
  [-evaluate_pblock]           Report utilization with demand as specified 
                               cells and supply as specified pblock area
  [-exclude_child_pblocks]     Report utilization with out child pblocks
  [-exclude_non_assigned]      Pblock utilization with out Non-assigned Cells
  [-cells]                     Report utilization of given list of cells
  [-return_string]             Return report as string
  [-slr]                       SLR wise utilization of resources
  [-packthru]                  Reports LUTs used exclusively as pack-thru
  [-name]                      Output the results to GUI panel with this name
  [-no_primitives]             Removes "Primitives Section" from 
                               report_utilization o/p.
  [-omit_locs]                 Removes "Loced" column from report_utilization
                               o/p.
  [-hierarchical]              Generates text-based hierarchical report.
  [-spreadsheet_file]          Specify file for exporting utilization tables 
                               as spreadsheets. This feature is available 
                               only in GUI mode.
  [-spreadsheet_table]         Choose a particular utilization table to 
                               export as spreadsheet file. Default value : 
                               Hierarchy
  [-spreadsheet_depth]         Specifies the depth level for spreadsheet. 
                               Default value : 8
                               Default: 8
  [-hierarchical_depth]        Specifies the depth level for textual 
                               hierarchical report
                               Default: 0
  [-hierarchical_percentages]  Report percentages in textual hierarchical 
                               report
  [-quiet]                     Ignore command errors
  [-verbose]                   Suspend message limits during command 
                               execution

Categories: 
Report

Description:

  Report resource usage on the target part by the current synthesized or
  implemented design. The report is returned to the standard output, unless
  the -file, -return_string, or -name arguments are specified.

  Tip: Though resource usage can be reported early in the design process, the
  report will be more accurate as the design progresses from synthesis
  through implementation.

  This command returns the requested information, or returns an error if it
  fails.

Arguments:

  -file <arg> - (Optional) Write the report into the specified file. The
  specified file will be overwritten if one already exists, unless -append is
  also specified.

  Note: If the path is not specified as part of the file name, the file will
  be written into the current working directory, or the directory from which
  the tool was launched.

  -append - (Optional) Append the output of the command to the specified file
  rather than overwriting it.

  Note: The -append option can only be used with the -file option.

  -pblocks <arg> - (Optional) Report the resources utilized by a Pblock.

  Note: -pblocks can not be used with the -name option.

  -evaluate_pblock <arg> - (Optional) Performs a what-if analysis on the
  specified -pblocks and the specified -cells. This option reports the
  utilization of the Pblocks as if they were populated by the specified
  cells. Percentages of utilization represent the ratio of the assigned cells
  to the available resources. This option requires both -pblocks and -cells
  to be specified.

  -exclude_child_pblocks - (Optional) Report utilization of the specified
  -pblocks excluding any nested Pblocks. This has the effect of reducing the
  utilization of the region as it does not account for cells that are
  assigned to a Pblock through a nested Pblock.

  -exclude_non_assigned - (Optional) Exclude non-assigned cells from the
  Utilization report when the -pblocks option is specified. This has the
  effect of decreasing the utilization of the Pblock region as it does not
  account for cells that are utilized, but are not assigned to the specified
  Pblocks.

  -cells <arg> - (Optional) Report the resources utilized by one or more
  hierarchical cells in the current design.

  -return_string - (Optional) Directs the output to a Tcl string rather than
  to the standard output. The Tcl string can be captured by a variable
  definition and parsed or otherwise processed.

  Note: This argument cannot be used with the -file option.

  -slr - (Optional) Reports the utilization for each separate SLR in devices
  having SLRs.

  -packthru - (Optional) Reports LUTs used for route through purposes. This
  appears in the utilization report as "LUTs used exclusively as
  route-thrus".

  -name <arg> - (Optional) Specifies the name of the results to output to the
  GUI.

  -no_primitives - (Optional) Remove the Primitives section from the report.
  The Primitives section reports the number and type of logic primitives used
  on the device.

  -omit_locs - (Optional) Omit the Fixed column from the report. The Fixed
  column reports the quantity of logic elements that the user has fixed, or
  manually placed onto the device.

  -hierarchical - (Optional) Reports the utilization of the device broken
  down according to the hierarchy of the design.

  -hierarchical_depth <arg> - (Optional) Specifies the depth of the hierarchy
  to report when reporting utilization according to the hierarchy. The
  default depth is 0, which means that -hierarchical will report full design
  hierarchy.

  -hierarchical_percentages - (Optional) Specifies that utilization data in
  the hierarchical report be reported as percentages.

  -spreadsheet_file <arg> - (Optional) Export utilization tables to the
  specified XLSX format spreadsheet. The ability to export a spreadsheet file
  is only available when the -name option is also specified and the report is
  generated in the GUI.

  Tip: You should specify the .xlsx suffix for the specified file, as it is
  not automatically assigned. If the path is not specified as part of the
  file name, the file will be written into the current working directory,
  which may be the directory from which the Vivado tool was launched.

  -spreadsheet_table <arg> - (Optional) Specify a utilization table to export
  to the spreadsheet file. The default is to export the Hierarchy table for
  the whole design. This option requires the use of -spreadsheet_file. The
  table name is displayed in the Report Utilization window when a specific
  table is selected from the tree view. Some example table names are:

   *  "Hierarchy"

   *  "Slice Logic Distribution"

   *  "Slice Logic Distribution - LUT as Memory"

   *  "Slice Logic Distribution - LUT as Memory - LUT as Distributed RAM"

   *  "Slice Logic Distribution - LUT as Memory - LUT as Shift Register"

   *  "Slice Logic Distribution - LUT as Logic"

   *  "Slice Logic - F8 Muxes"

   *  "Slice Logic - Slice Registers"

   *  "Slice Logic - Slice Registers - Registers as AND/OR"

   *  "Memory - Block RAM Tile"

   *  "Memory - Block RAM Tile - RAMB18"

   *  "DSP - DSPs"

   *  "Clocking - BUFGCTRL"

   *  "Specific Feature - BSCANE2"

   *  "Primitives"

  -spreadsheet_depth <arg> - (Optional) Specifies the hierarchical depth,
  starting from the top-level of the design, to export to the spreadsheet
  file. The default value is 8. This options requires the use of
  -spreadsheet_file.

  -quiet - (Optional) Execute the command quietly, returning no messages from
  the command. The command also returns TCL_OK regardless of any errors
  encountered during execution.

  Note: Any errors encountered on the command-line, while launching the
  command, will be returned. Only errors occurring inside the command will be
  trapped.

  -verbose - (Optional) Temporarily override any message limits and return
  all messages from this command.

  Note: Message limits can be defined with the set_msg_config command.

Examples:

  The following example reports the resources used by a Pblock and write the
  results to the specified file:

    report_utilization -pblocks [get_pblocks <pblockName>] -file \
    ./pblocks_util.txt

  This example reports the utilization for the whole design to the named
  report in the GUI, but exports the "Clocking - BUFGCTRL" table to the
  specified spreadsheet file:

    report_utilization -name utilization_1 -spreadsheet_file util_table.xlsx \
    -spreadsheet_table "Clocking - BUFGCTRL"

  The following example reports the resources utilized by each Pblock in the
  design, appending the report for each Pblock to a single specified file:

    foreach x [get_pblocks] {
      puts "Reporting Pblock: $x ----------------------------------"
      report_utilization -append -file C:/Data/pblocks_util.txt -pblocks $x
    }

See Also:

   *  delete_utilization_results
report_utilization -hierarchical_depth 2
ERROR: [Common 17-69] Command failed: '-hierarchical_depth' should be used with '-hierarchical'
report_utilization -hierarchical -hierarchical_depth 2
Copyright 1986-2022 Xilinx, Inc. All Rights Reserved. Copyright 2022-2023 Advanced Micro Devices, Inc. All Rights Reserved.
---------------------------------------------------------------------------------------------------------------------------------------------
| Tool Version : Vivado v.2023.2 (win64) Build 4029153 Fri Oct 13 20:14:34 MDT 2023
| Date         : Tue Aug 27 17:57:22 2024
| Host         : Leor-PC-5530 running 64-bit major release  (build 9200)
| Command      : report_utilization -hierarchical -hierarchical_depth 2
| Design       : simon_cipher_top_encrypt_decrypt
| Device       : xc7a35tcpg236-1
| Speed File   : -1
| Design State : Routed
---------------------------------------------------------------------------------------------------------------------------------------------

Utilization Design Information

Table of Contents
-----------------
1. Utilization by Hierarchy

1. Utilization by Hierarchy
---------------------------

+--------------------------------------+--------------------------------+------------+------------+---------+------+------+--------+--------+------------+
|               Instance               |             Module             | Total LUTs | Logic LUTs | LUTRAMs | SRLs |  FFs | RAMB36 | RAMB18 | DSP Blocks |
+--------------------------------------+--------------------------------+------------+------------+---------+------+------+--------+--------+------------+
| simon_cipher_top_encrypt_decrypt     |                          (top) |       2570 |       2570 |       0 |    0 | 7537 |      0 |      0 |          0 |
|   (simon_cipher_top_encrypt_decrypt) |                          (top) |          0 |          0 |       0 |    0 |   40 |      0 |      0 |          0 |
|   decrypt                            | simon_cipher_hierarchy_decrypt |       1205 |       1205 |       0 |    0 | 3498 |      0 |      0 |          0 |
|     (decrypt)                        | simon_cipher_hierarchy_decrypt |         37 |         37 |       0 |    0 | 1066 |      0 |      0 |          0 |
|     key_schedule_create              |      key_schedule_generator_58 |        672 |        672 |       0 |    0 | 1408 |      0 |      0 |          0 |
|     round_1                          |                       round_59 |          0 |          0 |       0 |    0 |   32 |      0 |      0 |          0 |
|     round_10                         |                       round_60 |         16 |         16 |       0 |    0 |   32 |      0 |      0 |          0 |
|     round_11                         |                       round_61 |         16 |         16 |       0 |    0 |   32 |      0 |      0 |          0 |
|     round_12                         |                       round_62 |         16 |         16 |       0 |    0 |   32 |      0 |      0 |          0 |
|     round_13                         |                       round_63 |         16 |         16 |       0 |    0 |   32 |      0 |      0 |          0 |
|     round_14                         |                       round_64 |         16 |         16 |       0 |    0 |   32 |      0 |      0 |          0 |
|     round_15                         |                       round_65 |         16 |         16 |       0 |    0 |   32 |      0 |      0 |          0 |
|     round_16                         |                       round_66 |         16 |         16 |       0 |    0 |   32 |      0 |      0 |          0 |
|     round_17                         |                       round_67 |         16 |         16 |       0 |    0 |   32 |      0 |      0 |          0 |
|     round_18                         |                       round_68 |         16 |         16 |       0 |    0 |   32 |      0 |      0 |          0 |
|     round_19                         |                       round_69 |         16 |         16 |       0 |    0 |   32 |      0 |      0 |          0 |
|     round_2                          |                       round_70 |         16 |         16 |       0 |    0 |   32 |      0 |      0 |          0 |
|     round_20                         |                       round_71 |         16 |         16 |       0 |    0 |   32 |      0 |      0 |          0 |
|     round_21                         |                       round_72 |         16 |         16 |       0 |    0 |   32 |      0 |      0 |          0 |
|     round_22                         |                       round_73 |         16 |         16 |       0 |    0 |   32 |      0 |      0 |          0 |
|     round_23                         |                       round_74 |         16 |         16 |       0 |    0 |   32 |      0 |      0 |          0 |
|     round_24                         |                       round_75 |         16 |         16 |       0 |    0 |   32 |      0 |      0 |          0 |
|     round_25                         |                       round_76 |         16 |         16 |       0 |    0 |   32 |      0 |      0 |          0 |
|     round_26                         |                       round_77 |         16 |         16 |       0 |    0 |   32 |      0 |      0 |          0 |
|     round_27                         |                       round_78 |         16 |         16 |       0 |    0 |   32 |      0 |      0 |          0 |
|     round_28                         |                       round_79 |         16 |         16 |       0 |    0 |   32 |      0 |      0 |          0 |
|     round_29                         |                       round_80 |         16 |         16 |       0 |    0 |   32 |      0 |      0 |          0 |
|     round_3                          |                       round_81 |         16 |         16 |       0 |    0 |   32 |      0 |      0 |          0 |
|     round_30                         |                       round_82 |         16 |         16 |       0 |    0 |   32 |      0 |      0 |          0 |
|     round_31                         |                       round_83 |         16 |         16 |       0 |    0 |   32 |      0 |      0 |          0 |
|     round_32                         |                       round_84 |         16 |         16 |       0 |    0 |   32 |      0 |      0 |          0 |
|     round_4                          |                       round_85 |         16 |         16 |       0 |    0 |   32 |      0 |      0 |          0 |
|     round_5                          |                       round_86 |         16 |         16 |       0 |    0 |   32 |      0 |      0 |          0 |
|     round_6                          |                       round_87 |         16 |         16 |       0 |    0 |   32 |      0 |      0 |          0 |
|     round_7                          |                       round_88 |         16 |         16 |       0 |    0 |   32 |      0 |      0 |          0 |
|     round_8                          |                       round_89 |         16 |         16 |       0 |    0 |   32 |      0 |      0 |          0 |
|     round_9                          |                       round_90 |         16 |         16 |       0 |    0 |   32 |      0 |      0 |          0 |
|   encrypt                            | simon_cipher_hierarchy_encrypt |       1269 |       1269 |       0 |    0 | 3689 |      0 |      0 |          0 |
|     (encrypt)                        | simon_cipher_hierarchy_encrypt |         69 |         69 |       0 |    0 | 1193 |      0 |      0 |          0 |
|     key_schedule_create              |         key_schedule_generator |        688 |        688 |       0 |    0 | 1472 |      0 |      0 |          0 |
|     round_1                          |                          round |         16 |         16 |       0 |    0 |   32 |      0 |      0 |          0 |
|     round_10                         |                        round_0 |         16 |         16 |       0 |    0 |   32 |      0 |      0 |          0 |
|     round_11                         |                        round_1 |         16 |         16 |       0 |    0 |   32 |      0 |      0 |          0 |
|     round_12                         |                        round_2 |         16 |         16 |       0 |    0 |   32 |      0 |      0 |          0 |
|     round_13                         |                        round_3 |         16 |         16 |       0 |    0 |   32 |      0 |      0 |          0 |
|     round_14                         |                        round_4 |         16 |         16 |       0 |    0 |   32 |      0 |      0 |          0 |
|     round_15                         |                        round_5 |         16 |         16 |       0 |    0 |   32 |      0 |      0 |          0 |
|     round_16                         |                        round_6 |         16 |         16 |       0 |    0 |   32 |      0 |      0 |          0 |
|     round_17                         |                        round_7 |         16 |         16 |       0 |    0 |   32 |      0 |      0 |          0 |
|     round_18                         |                        round_8 |         16 |         16 |       0 |    0 |   32 |      0 |      0 |          0 |
|     round_19                         |                        round_9 |         16 |         16 |       0 |    0 |   32 |      0 |      0 |          0 |
|     round_2                          |                       round_10 |         16 |         16 |       0 |    0 |   32 |      0 |      0 |          0 |
|     round_20                         |                       round_11 |         16 |         16 |       0 |    0 |   32 |      0 |      0 |          0 |
|     round_21                         |                       round_12 |         16 |         16 |       0 |    0 |   32 |      0 |      0 |          0 |
|     round_22                         |                       round_13 |         16 |         16 |       0 |    0 |   32 |      0 |      0 |          0 |
|     round_23                         |                       round_14 |         16 |         16 |       0 |    0 |   32 |      0 |      0 |          0 |
|     round_24                         |                       round_15 |         16 |         16 |       0 |    0 |   32 |      0 |      0 |          0 |
|     round_25                         |                       round_16 |         16 |         16 |       0 |    0 |   32 |      0 |      0 |          0 |
|     round_26                         |                       round_17 |         16 |         16 |       0 |    0 |   32 |      0 |      0 |          0 |
|     round_27                         |                       round_18 |         16 |         16 |       0 |    0 |   32 |      0 |      0 |          0 |
|     round_28                         |                       round_19 |         16 |         16 |       0 |    0 |   32 |      0 |      0 |          0 |
|     round_29                         |                       round_20 |         16 |         16 |       0 |    0 |   32 |      0 |      0 |          0 |
|     round_3                          |                       round_21 |         16 |         16 |       0 |    0 |   32 |      0 |      0 |          0 |
|     round_30                         |                       round_22 |         16 |         16 |       0 |    0 |   32 |      0 |      0 |          0 |
|     round_31                         |                       round_23 |         16 |         16 |       0 |    0 |   32 |      0 |      0 |          0 |
|     round_32                         |                       round_24 |         16 |         16 |       0 |    0 |   32 |      0 |      0 |          0 |
|     round_4                          |                       round_25 |         16 |         16 |       0 |    0 |   32 |      0 |      0 |          0 |
|     round_5                          |                       round_26 |         16 |         16 |       0 |    0 |   32 |      0 |      0 |          0 |
|     round_6                          |                       round_27 |         16 |         16 |       0 |    0 |   32 |      0 |      0 |          0 |
|     round_7                          |                       round_28 |         16 |         16 |       0 |    0 |   32 |      0 |      0 |          0 |
|     round_8                          |                       round_29 |         16 |         16 |       0 |    0 |   32 |      0 |      0 |          0 |
|     round_9                          |                       round_30 |         16 |         16 |       0 |    0 |   32 |      0 |      0 |          0 |
|   full_rxd_do                        |                       get_data |         50 |         50 |       0 |    0 |  234 |      0 |      0 |          0 |
|     (full_rxd_do)                    |                       get_data |         13 |         13 |       0 |    0 |  201 |      0 |      0 |          0 |
|     rxd_do                           |                       uart_rxd |         37 |         37 |       0 |    0 |   33 |      0 |      0 |          0 |
|   full_txd_do                        |                      send_data |         36 |         36 |       0 |    0 |   48 |      0 |      0 |          0 |
|     (full_txd_do)                    |                      send_data |         20 |         20 |       0 |    0 |   15 |      0 |      0 |          0 |
|     txd_do                           |               uart_txd_combine |         16 |         16 |       0 |    0 |   33 |      0 |      0 |          0 |
|   seven_seg_output                   |                  seven_segment |         10 |         10 |       0 |    0 |   28 |      0 |      0 |          0 |
+--------------------------------------+--------------------------------+------------+------------+---------+------+------+--------+--------+------------+
* Note: The sum of lower-level cells may be larger than their parent cells total, due to cross-hierarchy LUT combining


report_utilization -hierarchical -hierarchical_percentages
Copyright 1986-2022 Xilinx, Inc. All Rights Reserved. Copyright 2022-2023 Advanced Micro Devices, Inc. All Rights Reserved.
---------------------------------------------------------------------------------------------------------------------------------------------
| Tool Version : Vivado v.2023.2 (win64) Build 4029153 Fri Oct 13 20:14:34 MDT 2023
| Date         : Tue Aug 27 17:58:08 2024
| Host         : Leor-PC-5530 running 64-bit major release  (build 9200)
| Command      : report_utilization -hierarchical -hierarchical_percentages
| Design       : simon_cipher_top_encrypt_decrypt
| Device       : xc7a35tcpg236-1
| Speed File   : -1
| Design State : Routed
---------------------------------------------------------------------------------------------------------------------------------------------

Utilization Design Information

Table of Contents
-----------------
1. Utilization by Hierarchy

1. Utilization by Hierarchy
---------------------------

+--------------------------------------+--------------------------------+--------------+--------------+----------+----------+--------------+----------+----------+------------+
|               Instance               |             Module             |  Total LUTs  |  Logic LUTs  |  LUTRAMs |   SRLs   |      FFs     |  RAMB36  |  RAMB18  | DSP Blocks |
+--------------------------------------+--------------------------------+--------------+--------------+----------+----------+--------------+----------+----------+------------+
| simon_cipher_top_encrypt_decrypt     |                          (top) | 2570(12.36%) | 2570(12.36%) | 0(0.00%) | 0(0.00%) | 7537(18.12%) | 0(0.00%) | 0(0.00%) |   0(0.00%) |
|   (simon_cipher_top_encrypt_decrypt) |                          (top) |     0(0.00%) |     0(0.00%) | 0(0.00%) | 0(0.00%) |    40(0.10%) | 0(0.00%) | 0(0.00%) |   0(0.00%) |
|   decrypt                            | simon_cipher_hierarchy_decrypt |  1205(5.79%) |  1205(5.79%) | 0(0.00%) | 0(0.00%) |  3498(8.41%) | 0(0.00%) | 0(0.00%) |   0(0.00%) |
|     (decrypt)                        | simon_cipher_hierarchy_decrypt |    37(0.18%) |    37(0.18%) | 0(0.00%) | 0(0.00%) |  1066(2.56%) | 0(0.00%) | 0(0.00%) |   0(0.00%) |
|     key_schedule_create              |      key_schedule_generator_58 |   672(3.23%) |   672(3.23%) | 0(0.00%) | 0(0.00%) |  1408(3.38%) | 0(0.00%) | 0(0.00%) |   0(0.00%) |
|       (key_schedule_create)          |      key_schedule_generator_58 |     0(0.00%) |     0(0.00%) | 0(0.00%) | 0(0.00%) |   512(1.23%) | 0(0.00%) | 0(0.00%) |   0(0.00%) |
|       sub_key_generator_10           |           sub_key_generator_91 |    24(0.12%) |    24(0.12%) | 0(0.00%) | 0(0.00%) |    32(0.08%) | 0(0.00%) | 0(0.00%) |   0(0.00%) |
|       sub_key_generator_11           |           sub_key_generator_92 |    24(0.12%) |    24(0.12%) | 0(0.00%) | 0(0.00%) |    32(0.08%) | 0(0.00%) | 0(0.00%) |   0(0.00%) |
|       sub_key_generator_12           |           sub_key_generator_93 |    24(0.12%) |    24(0.12%) | 0(0.00%) | 0(0.00%) |    32(0.08%) | 0(0.00%) | 0(0.00%) |   0(0.00%) |
|       sub_key_generator_13           |           sub_key_generator_94 |    24(0.12%) |    24(0.12%) | 0(0.00%) | 0(0.00%) |    32(0.08%) | 0(0.00%) | 0(0.00%) |   0(0.00%) |
|       sub_key_generator_14           |           sub_key_generator_95 |    24(0.12%) |    24(0.12%) | 0(0.00%) | 0(0.00%) |    32(0.08%) | 0(0.00%) | 0(0.00%) |   0(0.00%) |
|       sub_key_generator_15           |           sub_key_generator_96 |    24(0.12%) |    24(0.12%) | 0(0.00%) | 0(0.00%) |    32(0.08%) | 0(0.00%) | 0(0.00%) |   0(0.00%) |
|       sub_key_generator_16           |           sub_key_generator_97 |    24(0.12%) |    24(0.12%) | 0(0.00%) | 0(0.00%) |    32(0.08%) | 0(0.00%) | 0(0.00%) |   0(0.00%) |
|       sub_key_generator_17           |           sub_key_generator_98 |    24(0.12%) |    24(0.12%) | 0(0.00%) | 0(0.00%) |    32(0.08%) | 0(0.00%) | 0(0.00%) |   0(0.00%) |
|       sub_key_generator_18           |           sub_key_generator_99 |    24(0.12%) |    24(0.12%) | 0(0.00%) | 0(0.00%) |    32(0.08%) | 0(0.00%) | 0(0.00%) |   0(0.00%) |
|       sub_key_generator_19           |          sub_key_generator_100 |    24(0.12%) |    24(0.12%) | 0(0.00%) | 0(0.00%) |    32(0.08%) | 0(0.00%) | 0(0.00%) |   0(0.00%) |
|       sub_key_generator_20           |          sub_key_generator_101 |    24(0.12%) |    24(0.12%) | 0(0.00%) | 0(0.00%) |    32(0.08%) | 0(0.00%) | 0(0.00%) |   0(0.00%) |
|       sub_key_generator_21           |          sub_key_generator_102 |    24(0.12%) |    24(0.12%) | 0(0.00%) | 0(0.00%) |    32(0.08%) | 0(0.00%) | 0(0.00%) |   0(0.00%) |
|       sub_key_generator_22           |          sub_key_generator_103 |    24(0.12%) |    24(0.12%) | 0(0.00%) | 0(0.00%) |    32(0.08%) | 0(0.00%) | 0(0.00%) |   0(0.00%) |
|       sub_key_generator_23           |          sub_key_generator_104 |    24(0.12%) |    24(0.12%) | 0(0.00%) | 0(0.00%) |    32(0.08%) | 0(0.00%) | 0(0.00%) |   0(0.00%) |
|       sub_key_generator_24           |          sub_key_generator_105 |    24(0.12%) |    24(0.12%) | 0(0.00%) | 0(0.00%) |    32(0.08%) | 0(0.00%) | 0(0.00%) |   0(0.00%) |
|       sub_key_generator_25           |          sub_key_generator_106 |    24(0.12%) |    24(0.12%) | 0(0.00%) | 0(0.00%) |    32(0.08%) | 0(0.00%) | 0(0.00%) |   0(0.00%) |
|       sub_key_generator_26           |          sub_key_generator_107 |    24(0.12%) |    24(0.12%) | 0(0.00%) | 0(0.00%) |    32(0.08%) | 0(0.00%) | 0(0.00%) |   0(0.00%) |
|       sub_key_generator_27           |          sub_key_generator_108 |    24(0.12%) |    24(0.12%) | 0(0.00%) | 0(0.00%) |    32(0.08%) | 0(0.00%) | 0(0.00%) |   0(0.00%) |
|       sub_key_generator_28           |          sub_key_generator_109 |    24(0.12%) |    24(0.12%) | 0(0.00%) | 0(0.00%) |    32(0.08%) | 0(0.00%) | 0(0.00%) |   0(0.00%) |
|       sub_key_generator_29           |          sub_key_generator_110 |    24(0.12%) |    24(0.12%) | 0(0.00%) | 0(0.00%) |    32(0.08%) | 0(0.00%) | 0(0.00%) |   0(0.00%) |
|       sub_key_generator_30           |          sub_key_generator_111 |    24(0.12%) |    24(0.12%) | 0(0.00%) | 0(0.00%) |    32(0.08%) | 0(0.00%) | 0(0.00%) |   0(0.00%) |
|       sub_key_generator_31           |          sub_key_generator_112 |    24(0.12%) |    24(0.12%) | 0(0.00%) | 0(0.00%) |    32(0.08%) | 0(0.00%) | 0(0.00%) |   0(0.00%) |
|       sub_key_generator_4            |          sub_key_generator_113 |    24(0.12%) |    24(0.12%) | 0(0.00%) | 0(0.00%) |    32(0.08%) | 0(0.00%) | 0(0.00%) |   0(0.00%) |
|       sub_key_generator_5            |          sub_key_generator_114 |    24(0.12%) |    24(0.12%) | 0(0.00%) | 0(0.00%) |    32(0.08%) | 0(0.00%) | 0(0.00%) |   0(0.00%) |
|       sub_key_generator_6            |          sub_key_generator_115 |    24(0.12%) |    24(0.12%) | 0(0.00%) | 0(0.00%) |    32(0.08%) | 0(0.00%) | 0(0.00%) |   0(0.00%) |
|       sub_key_generator_7            |          sub_key_generator_116 |    24(0.12%) |    24(0.12%) | 0(0.00%) | 0(0.00%) |    32(0.08%) | 0(0.00%) | 0(0.00%) |   0(0.00%) |
|       sub_key_generator_8            |          sub_key_generator_117 |    24(0.12%) |    24(0.12%) | 0(0.00%) | 0(0.00%) |    32(0.08%) | 0(0.00%) | 0(0.00%) |   0(0.00%) |
|       sub_key_generator_9            |          sub_key_generator_118 |    24(0.12%) |    24(0.12%) | 0(0.00%) | 0(0.00%) |    32(0.08%) | 0(0.00%) | 0(0.00%) |   0(0.00%) |
|     round_1                          |                       round_59 |     0(0.00%) |     0(0.00%) | 0(0.00%) | 0(0.00%) |    32(0.08%) | 0(0.00%) | 0(0.00%) |   0(0.00%) |
|     round_10                         |                       round_60 |    16(0.08%) |    16(0.08%) | 0(0.00%) | 0(0.00%) |    32(0.08%) | 0(0.00%) | 0(0.00%) |   0(0.00%) |
|     round_11                         |                       round_61 |    16(0.08%) |    16(0.08%) | 0(0.00%) | 0(0.00%) |    32(0.08%) | 0(0.00%) | 0(0.00%) |   0(0.00%) |
|     round_12                         |                       round_62 |    16(0.08%) |    16(0.08%) | 0(0.00%) | 0(0.00%) |    32(0.08%) | 0(0.00%) | 0(0.00%) |   0(0.00%) |
|     round_13                         |                       round_63 |    16(0.08%) |    16(0.08%) | 0(0.00%) | 0(0.00%) |    32(0.08%) | 0(0.00%) | 0(0.00%) |   0(0.00%) |
|     round_14                         |                       round_64 |    16(0.08%) |    16(0.08%) | 0(0.00%) | 0(0.00%) |    32(0.08%) | 0(0.00%) | 0(0.00%) |   0(0.00%) |
|     round_15                         |                       round_65 |    16(0.08%) |    16(0.08%) | 0(0.00%) | 0(0.00%) |    32(0.08%) | 0(0.00%) | 0(0.00%) |   0(0.00%) |
|     round_16                         |                       round_66 |    16(0.08%) |    16(0.08%) | 0(0.00%) | 0(0.00%) |    32(0.08%) | 0(0.00%) | 0(0.00%) |   0(0.00%) |
|     round_17                         |                       round_67 |    16(0.08%) |    16(0.08%) | 0(0.00%) | 0(0.00%) |    32(0.08%) | 0(0.00%) | 0(0.00%) |   0(0.00%) |
|     round_18                         |                       round_68 |    16(0.08%) |    16(0.08%) | 0(0.00%) | 0(0.00%) |    32(0.08%) | 0(0.00%) | 0(0.00%) |   0(0.00%) |
|     round_19                         |                       round_69 |    16(0.08%) |    16(0.08%) | 0(0.00%) | 0(0.00%) |    32(0.08%) | 0(0.00%) | 0(0.00%) |   0(0.00%) |
|     round_2                          |                       round_70 |    16(0.08%) |    16(0.08%) | 0(0.00%) | 0(0.00%) |    32(0.08%) | 0(0.00%) | 0(0.00%) |   0(0.00%) |
|     round_20                         |                       round_71 |    16(0.08%) |    16(0.08%) | 0(0.00%) | 0(0.00%) |    32(0.08%) | 0(0.00%) | 0(0.00%) |   0(0.00%) |
|     round_21                         |                       round_72 |    16(0.08%) |    16(0.08%) | 0(0.00%) | 0(0.00%) |    32(0.08%) | 0(0.00%) | 0(0.00%) |   0(0.00%) |
|     round_22                         |                       round_73 |    16(0.08%) |    16(0.08%) | 0(0.00%) | 0(0.00%) |    32(0.08%) | 0(0.00%) | 0(0.00%) |   0(0.00%) |
|     round_23                         |                       round_74 |    16(0.08%) |    16(0.08%) | 0(0.00%) | 0(0.00%) |    32(0.08%) | 0(0.00%) | 0(0.00%) |   0(0.00%) |
|     round_24                         |                       round_75 |    16(0.08%) |    16(0.08%) | 0(0.00%) | 0(0.00%) |    32(0.08%) | 0(0.00%) | 0(0.00%) |   0(0.00%) |
|     round_25                         |                       round_76 |    16(0.08%) |    16(0.08%) | 0(0.00%) | 0(0.00%) |    32(0.08%) | 0(0.00%) | 0(0.00%) |   0(0.00%) |
|     round_26                         |                       round_77 |    16(0.08%) |    16(0.08%) | 0(0.00%) | 0(0.00%) |    32(0.08%) | 0(0.00%) | 0(0.00%) |   0(0.00%) |
|     round_27                         |                       round_78 |    16(0.08%) |    16(0.08%) | 0(0.00%) | 0(0.00%) |    32(0.08%) | 0(0.00%) | 0(0.00%) |   0(0.00%) |
|     round_28                         |                       round_79 |    16(0.08%) |    16(0.08%) | 0(0.00%) | 0(0.00%) |    32(0.08%) | 0(0.00%) | 0(0.00%) |   0(0.00%) |
|     round_29                         |                       round_80 |    16(0.08%) |    16(0.08%) | 0(0.00%) | 0(0.00%) |    32(0.08%) | 0(0.00%) | 0(0.00%) |   0(0.00%) |
|     round_3                          |                       round_81 |    16(0.08%) |    16(0.08%) | 0(0.00%) | 0(0.00%) |    32(0.08%) | 0(0.00%) | 0(0.00%) |   0(0.00%) |
|     round_30                         |                       round_82 |    16(0.08%) |    16(0.08%) | 0(0.00%) | 0(0.00%) |    32(0.08%) | 0(0.00%) | 0(0.00%) |   0(0.00%) |
|     round_31                         |                       round_83 |    16(0.08%) |    16(0.08%) | 0(0.00%) | 0(0.00%) |    32(0.08%) | 0(0.00%) | 0(0.00%) |   0(0.00%) |
|     round_32                         |                       round_84 |    16(0.08%) |    16(0.08%) | 0(0.00%) | 0(0.00%) |    32(0.08%) | 0(0.00%) | 0(0.00%) |   0(0.00%) |
|     round_4                          |                       round_85 |    16(0.08%) |    16(0.08%) | 0(0.00%) | 0(0.00%) |    32(0.08%) | 0(0.00%) | 0(0.00%) |   0(0.00%) |
|     round_5                          |                       round_86 |    16(0.08%) |    16(0.08%) | 0(0.00%) | 0(0.00%) |    32(0.08%) | 0(0.00%) | 0(0.00%) |   0(0.00%) |
|     round_6                          |                       round_87 |    16(0.08%) |    16(0.08%) | 0(0.00%) | 0(0.00%) |    32(0.08%) | 0(0.00%) | 0(0.00%) |   0(0.00%) |
|     round_7                          |                       round_88 |    16(0.08%) |    16(0.08%) | 0(0.00%) | 0(0.00%) |    32(0.08%) | 0(0.00%) | 0(0.00%) |   0(0.00%) |
|     round_8                          |                       round_89 |    16(0.08%) |    16(0.08%) | 0(0.00%) | 0(0.00%) |    32(0.08%) | 0(0.00%) | 0(0.00%) |   0(0.00%) |
|     round_9                          |                       round_90 |    16(0.08%) |    16(0.08%) | 0(0.00%) | 0(0.00%) |    32(0.08%) | 0(0.00%) | 0(0.00%) |   0(0.00%) |
|   encrypt                            | simon_cipher_hierarchy_encrypt |  1269(6.10%) |  1269(6.10%) | 0(0.00%) | 0(0.00%) |  3689(8.87%) | 0(0.00%) | 0(0.00%) |   0(0.00%) |
|     (encrypt)                        | simon_cipher_hierarchy_encrypt |    69(0.33%) |    69(0.33%) | 0(0.00%) | 0(0.00%) |  1193(2.87%) | 0(0.00%) | 0(0.00%) |   0(0.00%) |
|     key_schedule_create              |         key_schedule_generator |   688(3.31%) |   688(3.31%) | 0(0.00%) | 0(0.00%) |  1472(3.54%) | 0(0.00%) | 0(0.00%) |   0(0.00%) |
|       (key_schedule_create)          |         key_schedule_generator |    16(0.08%) |    16(0.08%) | 0(0.00%) | 0(0.00%) |   576(1.38%) | 0(0.00%) | 0(0.00%) |   0(0.00%) |
|       sub_key_generator_10           |              sub_key_generator |    24(0.12%) |    24(0.12%) | 0(0.00%) | 0(0.00%) |    32(0.08%) | 0(0.00%) | 0(0.00%) |   0(0.00%) |
|       sub_key_generator_11           |           sub_key_generator_31 |    24(0.12%) |    24(0.12%) | 0(0.00%) | 0(0.00%) |    32(0.08%) | 0(0.00%) | 0(0.00%) |   0(0.00%) |
|       sub_key_generator_12           |           sub_key_generator_32 |    24(0.12%) |    24(0.12%) | 0(0.00%) | 0(0.00%) |    32(0.08%) | 0(0.00%) | 0(0.00%) |   0(0.00%) |
|       sub_key_generator_13           |           sub_key_generator_33 |    24(0.12%) |    24(0.12%) | 0(0.00%) | 0(0.00%) |    32(0.08%) | 0(0.00%) | 0(0.00%) |   0(0.00%) |
|       sub_key_generator_14           |           sub_key_generator_34 |    24(0.12%) |    24(0.12%) | 0(0.00%) | 0(0.00%) |    32(0.08%) | 0(0.00%) | 0(0.00%) |   0(0.00%) |
|       sub_key_generator_15           |           sub_key_generator_35 |    24(0.12%) |    24(0.12%) | 0(0.00%) | 0(0.00%) |    32(0.08%) | 0(0.00%) | 0(0.00%) |   0(0.00%) |
|       sub_key_generator_16           |           sub_key_generator_36 |    24(0.12%) |    24(0.12%) | 0(0.00%) | 0(0.00%) |    32(0.08%) | 0(0.00%) | 0(0.00%) |   0(0.00%) |
|       sub_key_generator_17           |           sub_key_generator_37 |    24(0.12%) |    24(0.12%) | 0(0.00%) | 0(0.00%) |    32(0.08%) | 0(0.00%) | 0(0.00%) |   0(0.00%) |
|       sub_key_generator_18           |           sub_key_generator_38 |    24(0.12%) |    24(0.12%) | 0(0.00%) | 0(0.00%) |    32(0.08%) | 0(0.00%) | 0(0.00%) |   0(0.00%) |
|       sub_key_generator_19           |           sub_key_generator_39 |    24(0.12%) |    24(0.12%) | 0(0.00%) | 0(0.00%) |    32(0.08%) | 0(0.00%) | 0(0.00%) |   0(0.00%) |
|       sub_key_generator_20           |           sub_key_generator_40 |    24(0.12%) |    24(0.12%) | 0(0.00%) | 0(0.00%) |    32(0.08%) | 0(0.00%) | 0(0.00%) |   0(0.00%) |
|       sub_key_generator_21           |           sub_key_generator_41 |    24(0.12%) |    24(0.12%) | 0(0.00%) | 0(0.00%) |    32(0.08%) | 0(0.00%) | 0(0.00%) |   0(0.00%) |
|       sub_key_generator_22           |           sub_key_generator_42 |    24(0.12%) |    24(0.12%) | 0(0.00%) | 0(0.00%) |    32(0.08%) | 0(0.00%) | 0(0.00%) |   0(0.00%) |
|       sub_key_generator_23           |           sub_key_generator_43 |    24(0.12%) |    24(0.12%) | 0(0.00%) | 0(0.00%) |    32(0.08%) | 0(0.00%) | 0(0.00%) |   0(0.00%) |
|       sub_key_generator_24           |           sub_key_generator_44 |    24(0.12%) |    24(0.12%) | 0(0.00%) | 0(0.00%) |    32(0.08%) | 0(0.00%) | 0(0.00%) |   0(0.00%) |
|       sub_key_generator_25           |           sub_key_generator_45 |    24(0.12%) |    24(0.12%) | 0(0.00%) | 0(0.00%) |    32(0.08%) | 0(0.00%) | 0(0.00%) |   0(0.00%) |
|       sub_key_generator_26           |           sub_key_generator_46 |    24(0.12%) |    24(0.12%) | 0(0.00%) | 0(0.00%) |    32(0.08%) | 0(0.00%) | 0(0.00%) |   0(0.00%) |
|       sub_key_generator_27           |           sub_key_generator_47 |    24(0.12%) |    24(0.12%) | 0(0.00%) | 0(0.00%) |    32(0.08%) | 0(0.00%) | 0(0.00%) |   0(0.00%) |
|       sub_key_generator_28           |           sub_key_generator_48 |    24(0.12%) |    24(0.12%) | 0(0.00%) | 0(0.00%) |    32(0.08%) | 0(0.00%) | 0(0.00%) |   0(0.00%) |
|       sub_key_generator_29           |           sub_key_generator_49 |    24(0.12%) |    24(0.12%) | 0(0.00%) | 0(0.00%) |    32(0.08%) | 0(0.00%) | 0(0.00%) |   0(0.00%) |
|       sub_key_generator_30           |           sub_key_generator_50 |    24(0.12%) |    24(0.12%) | 0(0.00%) | 0(0.00%) |    32(0.08%) | 0(0.00%) | 0(0.00%) |   0(0.00%) |
|       sub_key_generator_31           |           sub_key_generator_51 |    24(0.12%) |    24(0.12%) | 0(0.00%) | 0(0.00%) |    32(0.08%) | 0(0.00%) | 0(0.00%) |   0(0.00%) |
|       sub_key_generator_4            |           sub_key_generator_52 |    24(0.12%) |    24(0.12%) | 0(0.00%) | 0(0.00%) |    32(0.08%) | 0(0.00%) | 0(0.00%) |   0(0.00%) |
|       sub_key_generator_5            |           sub_key_generator_53 |    24(0.12%) |    24(0.12%) | 0(0.00%) | 0(0.00%) |    32(0.08%) | 0(0.00%) | 0(0.00%) |   0(0.00%) |
|       sub_key_generator_6            |           sub_key_generator_54 |    24(0.12%) |    24(0.12%) | 0(0.00%) | 0(0.00%) |    32(0.08%) | 0(0.00%) | 0(0.00%) |   0(0.00%) |
|       sub_key_generator_7            |           sub_key_generator_55 |    24(0.12%) |    24(0.12%) | 0(0.00%) | 0(0.00%) |    32(0.08%) | 0(0.00%) | 0(0.00%) |   0(0.00%) |
|       sub_key_generator_8            |           sub_key_generator_56 |    24(0.12%) |    24(0.12%) | 0(0.00%) | 0(0.00%) |    32(0.08%) | 0(0.00%) | 0(0.00%) |   0(0.00%) |
|       sub_key_generator_9            |           sub_key_generator_57 |    24(0.12%) |    24(0.12%) | 0(0.00%) | 0(0.00%) |    32(0.08%) | 0(0.00%) | 0(0.00%) |   0(0.00%) |
|     round_1                          |                          round |    16(0.08%) |    16(0.08%) | 0(0.00%) | 0(0.00%) |    32(0.08%) | 0(0.00%) | 0(0.00%) |   0(0.00%) |
|     round_10                         |                        round_0 |    16(0.08%) |    16(0.08%) | 0(0.00%) | 0(0.00%) |    32(0.08%) | 0(0.00%) | 0(0.00%) |   0(0.00%) |
|     round_11                         |                        round_1 |    16(0.08%) |    16(0.08%) | 0(0.00%) | 0(0.00%) |    32(0.08%) | 0(0.00%) | 0(0.00%) |   0(0.00%) |
|     round_12                         |                        round_2 |    16(0.08%) |    16(0.08%) | 0(0.00%) | 0(0.00%) |    32(0.08%) | 0(0.00%) | 0(0.00%) |   0(0.00%) |
|     round_13                         |                        round_3 |    16(0.08%) |    16(0.08%) | 0(0.00%) | 0(0.00%) |    32(0.08%) | 0(0.00%) | 0(0.00%) |   0(0.00%) |
|     round_14                         |                        round_4 |    16(0.08%) |    16(0.08%) | 0(0.00%) | 0(0.00%) |    32(0.08%) | 0(0.00%) | 0(0.00%) |   0(0.00%) |
|     round_15                         |                        round_5 |    16(0.08%) |    16(0.08%) | 0(0.00%) | 0(0.00%) |    32(0.08%) | 0(0.00%) | 0(0.00%) |   0(0.00%) |
|     round_16                         |                        round_6 |    16(0.08%) |    16(0.08%) | 0(0.00%) | 0(0.00%) |    32(0.08%) | 0(0.00%) | 0(0.00%) |   0(0.00%) |
|     round_17                         |                        round_7 |    16(0.08%) |    16(0.08%) | 0(0.00%) | 0(0.00%) |    32(0.08%) | 0(0.00%) | 0(0.00%) |   0(0.00%) |
|     round_18                         |                        round_8 |    16(0.08%) |    16(0.08%) | 0(0.00%) | 0(0.00%) |    32(0.08%) | 0(0.00%) | 0(0.00%) |   0(0.00%) |
|     round_19                         |                        round_9 |    16(0.08%) |    16(0.08%) | 0(0.00%) | 0(0.00%) |    32(0.08%) | 0(0.00%) | 0(0.00%) |   0(0.00%) |
|     round_2                          |                       round_10 |    16(0.08%) |    16(0.08%) | 0(0.00%) | 0(0.00%) |    32(0.08%) | 0(0.00%) | 0(0.00%) |   0(0.00%) |
|     round_20                         |                       round_11 |    16(0.08%) |    16(0.08%) | 0(0.00%) | 0(0.00%) |    32(0.08%) | 0(0.00%) | 0(0.00%) |   0(0.00%) |
|     round_21                         |                       round_12 |    16(0.08%) |    16(0.08%) | 0(0.00%) | 0(0.00%) |    32(0.08%) | 0(0.00%) | 0(0.00%) |   0(0.00%) |
|     round_22                         |                       round_13 |    16(0.08%) |    16(0.08%) | 0(0.00%) | 0(0.00%) |    32(0.08%) | 0(0.00%) | 0(0.00%) |   0(0.00%) |
|     round_23                         |                       round_14 |    16(0.08%) |    16(0.08%) | 0(0.00%) | 0(0.00%) |    32(0.08%) | 0(0.00%) | 0(0.00%) |   0(0.00%) |
|     round_24                         |                       round_15 |    16(0.08%) |    16(0.08%) | 0(0.00%) | 0(0.00%) |    32(0.08%) | 0(0.00%) | 0(0.00%) |   0(0.00%) |
|     round_25                         |                       round_16 |    16(0.08%) |    16(0.08%) | 0(0.00%) | 0(0.00%) |    32(0.08%) | 0(0.00%) | 0(0.00%) |   0(0.00%) |
|     round_26                         |                       round_17 |    16(0.08%) |    16(0.08%) | 0(0.00%) | 0(0.00%) |    32(0.08%) | 0(0.00%) | 0(0.00%) |   0(0.00%) |
|     round_27                         |                       round_18 |    16(0.08%) |    16(0.08%) | 0(0.00%) | 0(0.00%) |    32(0.08%) | 0(0.00%) | 0(0.00%) |   0(0.00%) |
|     round_28                         |                       round_19 |    16(0.08%) |    16(0.08%) | 0(0.00%) | 0(0.00%) |    32(0.08%) | 0(0.00%) | 0(0.00%) |   0(0.00%) |
|     round_29                         |                       round_20 |    16(0.08%) |    16(0.08%) | 0(0.00%) | 0(0.00%) |    32(0.08%) | 0(0.00%) | 0(0.00%) |   0(0.00%) |
|     round_3                          |                       round_21 |    16(0.08%) |    16(0.08%) | 0(0.00%) | 0(0.00%) |    32(0.08%) | 0(0.00%) | 0(0.00%) |   0(0.00%) |
|     round_30                         |                       round_22 |    16(0.08%) |    16(0.08%) | 0(0.00%) | 0(0.00%) |    32(0.08%) | 0(0.00%) | 0(0.00%) |   0(0.00%) |
|     round_31                         |                       round_23 |    16(0.08%) |    16(0.08%) | 0(0.00%) | 0(0.00%) |    32(0.08%) | 0(0.00%) | 0(0.00%) |   0(0.00%) |
|     round_32                         |                       round_24 |    16(0.08%) |    16(0.08%) | 0(0.00%) | 0(0.00%) |    32(0.08%) | 0(0.00%) | 0(0.00%) |   0(0.00%) |
|     round_4                          |                       round_25 |    16(0.08%) |    16(0.08%) | 0(0.00%) | 0(0.00%) |    32(0.08%) | 0(0.00%) | 0(0.00%) |   0(0.00%) |
|     round_5                          |                       round_26 |    16(0.08%) |    16(0.08%) | 0(0.00%) | 0(0.00%) |    32(0.08%) | 0(0.00%) | 0(0.00%) |   0(0.00%) |
|     round_6                          |                       round_27 |    16(0.08%) |    16(0.08%) | 0(0.00%) | 0(0.00%) |    32(0.08%) | 0(0.00%) | 0(0.00%) |   0(0.00%) |
|     round_7                          |                       round_28 |    16(0.08%) |    16(0.08%) | 0(0.00%) | 0(0.00%) |    32(0.08%) | 0(0.00%) | 0(0.00%) |   0(0.00%) |
|     round_8                          |                       round_29 |    16(0.08%) |    16(0.08%) | 0(0.00%) | 0(0.00%) |    32(0.08%) | 0(0.00%) | 0(0.00%) |   0(0.00%) |
|     round_9                          |                       round_30 |    16(0.08%) |    16(0.08%) | 0(0.00%) | 0(0.00%) |    32(0.08%) | 0(0.00%) | 0(0.00%) |   0(0.00%) |
|   full_rxd_do                        |                       get_data |    50(0.24%) |    50(0.24%) | 0(0.00%) | 0(0.00%) |   234(0.56%) | 0(0.00%) | 0(0.00%) |   0(0.00%) |
|     (full_rxd_do)                    |                       get_data |    13(0.06%) |    13(0.06%) | 0(0.00%) | 0(0.00%) |   201(0.48%) | 0(0.00%) | 0(0.00%) |   0(0.00%) |
|     rxd_do                           |                       uart_rxd |    37(0.18%) |    37(0.18%) | 0(0.00%) | 0(0.00%) |    33(0.08%) | 0(0.00%) | 0(0.00%) |   0(0.00%) |
|   full_txd_do                        |                      send_data |    36(0.17%) |    36(0.17%) | 0(0.00%) | 0(0.00%) |    48(0.12%) | 0(0.00%) | 0(0.00%) |   0(0.00%) |
|     (full_txd_do)                    |                      send_data |    20(0.10%) |    20(0.10%) | 0(0.00%) | 0(0.00%) |    15(0.04%) | 0(0.00%) | 0(0.00%) |   0(0.00%) |
|     txd_do                           |               uart_txd_combine |    16(0.08%) |    16(0.08%) | 0(0.00%) | 0(0.00%) |    33(0.08%) | 0(0.00%) | 0(0.00%) |   0(0.00%) |
|   seven_seg_output                   |                  seven_segment |    10(0.05%) |    10(0.05%) | 0(0.00%) | 0(0.00%) |    28(0.07%) | 0(0.00%) | 0(0.00%) |   0(0.00%) |
+--------------------------------------+--------------------------------+--------------+--------------+----------+----------+--------------+----------+----------+------------+
* Note: The sum of lower-level cells may be larger than their parent cells total, due to cross-hierarchy LUT combining


report_utilization -hierarchical -hierarchical_depth 1
Copyright 1986-2022 Xilinx, Inc. All Rights Reserved. Copyright 2022-2023 Advanced Micro Devices, Inc. All Rights Reserved.
---------------------------------------------------------------------------------------------------------------------------------------------
| Tool Version : Vivado v.2023.2 (win64) Build 4029153 Fri Oct 13 20:14:34 MDT 2023
| Date         : Tue Aug 27 17:59:38 2024
| Host         : Leor-PC-5530 running 64-bit major release  (build 9200)
| Command      : report_utilization -hierarchical -hierarchical_depth 1
| Design       : simon_cipher_top_encrypt_decrypt
| Device       : xc7a35tcpg236-1
| Speed File   : -1
| Design State : Routed
---------------------------------------------------------------------------------------------------------------------------------------------

Utilization Design Information

Table of Contents
-----------------
1. Utilization by Hierarchy

1. Utilization by Hierarchy
---------------------------

+--------------------------------------+--------------------------------+------------+------------+---------+------+------+--------+--------+------------+
|               Instance               |             Module             | Total LUTs | Logic LUTs | LUTRAMs | SRLs |  FFs | RAMB36 | RAMB18 | DSP Blocks |
+--------------------------------------+--------------------------------+------------+------------+---------+------+------+--------+--------+------------+
| simon_cipher_top_encrypt_decrypt     |                          (top) |       2570 |       2570 |       0 |    0 | 7537 |      0 |      0 |          0 |
|   (simon_cipher_top_encrypt_decrypt) |                          (top) |          0 |          0 |       0 |    0 |   40 |      0 |      0 |          0 |
|   decrypt                            | simon_cipher_hierarchy_decrypt |       1205 |       1205 |       0 |    0 | 3498 |      0 |      0 |          0 |
|   encrypt                            | simon_cipher_hierarchy_encrypt |       1269 |       1269 |       0 |    0 | 3689 |      0 |      0 |          0 |
|   full_rxd_do                        |                       get_data |         50 |         50 |       0 |    0 |  234 |      0 |      0 |          0 |
|   full_txd_do                        |                      send_data |         36 |         36 |       0 |    0 |   48 |      0 |      0 |          0 |
|   seven_seg_output                   |                  seven_segment |         10 |         10 |       0 |    0 |   28 |      0 |      0 |          0 |
+--------------------------------------+--------------------------------+------------+------------+---------+------+------+--------+--------+------------+
* Note: The sum of lower-level cells may be larger than their parent cells total, due to cross-hierarchy LUT combining


exit
INFO: [Common 17-206] Exiting Vivado at Tue Aug 27 18:14:48 2024...
