#-----------------------------------------------------------
# Vivado v2023.2 (64-bit)
# SW Build 4029153 on Fri Oct 13 20:14:34 MDT 2023
# IP Build 4028589 on Sat Oct 14 00:45:43 MDT 2023
# SharedData Build 4025554 on Tue Oct 10 17:18:54 MDT 2023
# Start of session at: Fri Jun 28 12:49:57 2024
# Process ID: 1460
# Current directory: C:/Users/USER/Documents/Leor Brenner/Final_Project/full_encrypt_decrypt_vivado
# Command line: vivado.exe -gui_launcher_event rodinguilauncherevent36192 C:\Users\USER\Documents\Leor Brenner\Final_Project\full_encrypt_decrypt_vivado\full_encrypt_decrypt_vivado.xpr
# Log file: C:/Users/USER/Documents/Leor Brenner/Final_Project/full_encrypt_decrypt_vivado/vivado.log
# Journal file: C:/Users/USER/Documents/Leor Brenner/Final_Project/full_encrypt_decrypt_vivado\vivado.jou
# Running On: Leor-PC-5530, OS: Windows, CPU Frequency: 2112 MHz, CPU Physical cores: 12, Host memory: 16849 MB
#-----------------------------------------------------------
start_gui
open_project {C:/Users/USER/Documents/Leor Brenner/Final_Project/full_encrypt_decrypt_vivado/full_encrypt_decrypt_vivado.xpr}
WARNING: [Board 49-26] cannot add Board Part xilinx.com:vek280_es:part0:1.0 available at C:/Xilinx/Vivado/2023.2/data/xhub/boards/XilinxBoardStore/boards/Xilinx/vek280/es/rev_a/1.0/board.xml as part xcve2802-vsvh1760-2lp-e-s-es1 specified in board_part file is either invalid or not available
WARNING: [Board 49-26] cannot add Board Part xilinx.com:vek280_es:part0:1.1 available at C:/Xilinx/Vivado/2023.2/data/xhub/boards/XilinxBoardStore/boards/Xilinx/vek280/es/rev_a/1.1/board.xml as part xcve2802-vsvh1760-2lp-e-s-es1 specified in board_part file is either invalid or not available
WARNING: [Board 49-26] cannot add Board Part xilinx.com:vek280_es_revb:part0:1.0 available at C:/Xilinx/Vivado/2023.2/data/xhub/boards/XilinxBoardStore/boards/Xilinx/vek280/es/rev_b/1.0/board.xml as part xcve2802-vsvh1760-2mp-e-s-es1 specified in board_part file is either invalid or not available
WARNING: [Board 49-26] cannot add Board Part xilinx.com:vek280_es_revb:part0:1.1 available at C:/Xilinx/Vivado/2023.2/data/xhub/boards/XilinxBoardStore/boards/Xilinx/vek280/es/rev_b/1.1/board.xml as part xcve2802-vsvh1760-2mp-e-s-es1 specified in board_part file is either invalid or not available
WARNING: [Board 49-26] cannot add Board Part xilinx.com:vhk158_es:part0:1.0 available at C:/Xilinx/Vivado/2023.2/data/xhub/boards/XilinxBoardStore/boards/Xilinx/vhk158/es/1.0/board.xml as part xcvh1582-vsva3697-2mp-e-s-es1 specified in board_part file is either invalid or not available
WARNING: [Board 49-26] cannot add Board Part xilinx.com:vhk158_es:part0:1.1 available at C:/Xilinx/Vivado/2023.2/data/xhub/boards/XilinxBoardStore/boards/Xilinx/vhk158/es/1.1/board.xml as part xcvh1582-vsva3697-2mp-e-s-es1 specified in board_part file is either invalid or not available
WARNING: [Board 49-26] cannot add Board Part xilinx.com:zcu208ld:part0:2.0 available at C:/Xilinx/Vivado/2023.2/data/xhub/boards/XilinxBoardStore/boards/Xilinx/zcu208ld/production/2.0/board.xml as part xczu58dr-fsvg1517-2-i specified in board_part file is either invalid or not available
WARNING: [Board 49-26] cannot add Board Part xilinx.com:zcu216ld:part0:2.0 available at C:/Xilinx/Vivado/2023.2/data/xhub/boards/XilinxBoardStore/boards/Xilinx/zcu216ld/production/2.0/board.xml as part xczu59dr-ffvf1760-2-i specified in board_part file is either invalid or not available
WARNING: [Board 49-26] cannot add Board Part xilinx.com:zcu670:part0:2.0 available at C:/Xilinx/Vivado/2023.2/data/xhub/boards/XilinxBoardStore/boards/Xilinx/zcu670/2.0/board.xml as part xczu67dr-fsve1156-2-i specified in board_part file is either invalid or not available
WARNING: [Board 49-26] cannot add Board Part xilinx.com:zcu670ld:part0:1.0 available at C:/Xilinx/Vivado/2023.2/data/xhub/boards/XilinxBoardStore/boards/Xilinx/zcu670ld/1.0/board.xml as part xczu57dr-fsve1156-2-i specified in board_part file is either invalid or not available
INFO: [filemgmt 56-3] Default IP Output Path : Could not find the directory 'C:/Users/USER/Documents/Leor Brenner/Final_Project/full_encrypt_decrypt_vivado/full_encrypt_decrypt_vivado.gen/sources_1'.
Scanning sources...
Finished scanning sources
INFO: [IP_Flow 19-234] Refreshing IP repositories
INFO: [IP_Flow 19-1704] No user IP repositories specified
INFO: [IP_Flow 19-2313] Loaded Vivado IP repository 'C:/Xilinx/Vivado/2023.2/data/ip'.
open_project: Time (s): cpu = 00:00:20 ; elapsed = 00:00:10 . Memory (MB): peak = 1589.660 ; gain = 380.008
update_compile_order -fileset sources_1
add_files -norecurse {{C:/Users/USER/Documents/Leor Brenner/Final_Project/full_encrypt_decrypt/seven_segment.vhd}}
WARNING: [filemgmt 56-12] File 'C:/Users/USER/Documents/Leor Brenner/Final_Project/full_encrypt_decrypt/seven_segment.vhd' cannot be added to the project because it already exists in the project, skipping this file
WARNING: [filemgmt 56-199] Attempt to get parsing info during refresh. "On-the-fly" syntax checking information may be incorrect. [C:\Users\USER\Documents\Leor Brenner\Final_Project\full_encrypt_decrypt\seven_segment.vhd:]
WARNING: [filemgmt 56-199] Attempt to get parsing info during refresh. "On-the-fly" syntax checking information may be incorrect. [C:\Users\USER\Documents\Leor Brenner\Final_Project\full_encrypt_decrypt\simon_cipher_top_encrypt_decrypt.vhd:]
ERROR: [Common 17-180] Spawn failed: No error
reset_run synth_1
INFO: [Project 1-1161] Replacing file C:/Users/USER/Documents/Leor Brenner/Final_Project/full_encrypt_decrypt_vivado/full_encrypt_decrypt_vivado.srcs/utils_1/imports/synth_1/simon_cipher_top_encrypt_decrypt.dcp with file C:/Users/USER/Documents/Leor Brenner/Final_Project/full_encrypt_decrypt_vivado/full_encrypt_decrypt_vivado.runs/synth_1/simon_cipher_top_encrypt_decrypt.dcp
launch_runs synth_1 -jobs 8
[Fri Jun 28 12:52:37 2024] Launched synth_1...
Run output will be captured here: C:/Users/USER/Documents/Leor Brenner/Final_Project/full_encrypt_decrypt_vivado/full_encrypt_decrypt_vivado.runs/synth_1/runme.log
WARNING: [filemgmt 56-199] Attempt to get parsing info during refresh. "On-the-fly" syntax checking information may be incorrect. [C:\Users\USER\Documents\Leor Brenner\Final_Project\full_encrypt_decrypt\seven_segment.vhd:]
WARNING: [filemgmt 56-199] Attempt to get parsing info during refresh. "On-the-fly" syntax checking information may be incorrect. [C:\Users\USER\Documents\Leor Brenner\Final_Project\full_encrypt_decrypt\simon_cipher_top_encrypt_decrypt.vhd:]
ERROR: [Common 17-180] Spawn failed: No error
reset_run synth_1
WARNING: [Vivado 12-1017] Problems encountered:
1. PID not specified

launch_runs impl_1 -to_step write_bitstream -jobs 8
[Fri Jun 28 12:52:46 2024] Launched synth_1...
Run output will be captured here: C:/Users/USER/Documents/Leor Brenner/Final_Project/full_encrypt_decrypt_vivado/full_encrypt_decrypt_vivado.runs/synth_1/runme.log
[Fri Jun 28 12:52:46 2024] Launched impl_1...
Run output will be captured here: C:/Users/USER/Documents/Leor Brenner/Final_Project/full_encrypt_decrypt_vivado/full_encrypt_decrypt_vivado.runs/impl_1/runme.log
WARNING: [filemgmt 56-199] Attempt to get parsing info during refresh. "On-the-fly" syntax checking information may be incorrect. [C:\Users\USER\Documents\Leor Brenner\Final_Project\full_encrypt_decrypt\seven_segment.vhd:]
WARNING: [filemgmt 56-199] Attempt to get parsing info during refresh. "On-the-fly" syntax checking information may be incorrect. [C:\Users\USER\Documents\Leor Brenner\Final_Project\full_encrypt_decrypt\simon_cipher_top_encrypt_decrypt.vhd:]
ERROR: [Common 17-180] Spawn failed: No error
update_compile_order -fileset sources_1
WARNING: [filemgmt 56-199] Attempt to get parsing info during refresh. "On-the-fly" syntax checking information may be incorrect. [C:\Users\USER\Documents\Leor Brenner\Final_Project\full_encrypt_decrypt\seven_segment.vhd:]
WARNING: [filemgmt 56-199] Attempt to get parsing info during refresh. "On-the-fly" syntax checking information may be incorrect. [C:\Users\USER\Documents\Leor Brenner\Final_Project\full_encrypt_decrypt\simon_cipher_top_encrypt_decrypt.vhd:]
ERROR: [Common 17-180] Spawn failed: No error
reset_run synth_1
launch_runs synth_1 -jobs 8
[Fri Jun 28 14:39:10 2024] Launched synth_1...
Run output will be captured here: C:/Users/USER/Documents/Leor Brenner/Final_Project/full_encrypt_decrypt_vivado/full_encrypt_decrypt_vivado.runs/synth_1/runme.log
WARNING: [filemgmt 56-199] Attempt to get parsing info during refresh. "On-the-fly" syntax checking information may be incorrect. [C:\Users\USER\Documents\Leor Brenner\Final_Project\full_encrypt_decrypt\seven_segment.vhd:]
WARNING: [filemgmt 56-199] Attempt to get parsing info during refresh. "On-the-fly" syntax checking information may be incorrect. [C:\Users\USER\Documents\Leor Brenner\Final_Project\full_encrypt_decrypt\simon_cipher_top_encrypt_decrypt.vhd:]
ERROR: [Common 17-180] Spawn failed: No error
reset_run synth_1
launch_runs synth_1 -jobs 8
[Fri Jun 28 14:41:05 2024] Launched synth_1...
Run output will be captured here: C:/Users/USER/Documents/Leor Brenner/Final_Project/full_encrypt_decrypt_vivado/full_encrypt_decrypt_vivado.runs/synth_1/runme.log
launch_runs impl_1 -jobs 8
[Fri Jun 28 14:44:13 2024] Launched impl_1...
Run output will be captured here: C:/Users/USER/Documents/Leor Brenner/Final_Project/full_encrypt_decrypt_vivado/full_encrypt_decrypt_vivado.runs/impl_1/runme.log
launch_runs impl_1 -to_step write_bitstream -jobs 8
[Fri Jun 28 14:45:57 2024] Launched impl_1...
Run output will be captured here: C:/Users/USER/Documents/Leor Brenner/Final_Project/full_encrypt_decrypt_vivado/full_encrypt_decrypt_vivado.runs/impl_1/runme.log
WARNING: [filemgmt 56-199] Attempt to get parsing info during refresh. "On-the-fly" syntax checking information may be incorrect. [C:\Users\USER\Documents\Leor Brenner\Final_Project\full_encrypt_decrypt\seven_segment.vhd:]
WARNING: [filemgmt 56-199] Attempt to get parsing info during refresh. "On-the-fly" syntax checking information may be incorrect. [C:\Users\USER\Documents\Leor Brenner\Final_Project\full_encrypt_decrypt\simon_cipher_top_encrypt_decrypt.vhd:]
ERROR: [Common 17-180] Spawn failed: No error
reset_run synth_1
INFO: [Project 1-1161] Replacing file C:/Users/USER/Documents/Leor Brenner/Final_Project/full_encrypt_decrypt_vivado/full_encrypt_decrypt_vivado.srcs/utils_1/imports/synth_1/simon_cipher_top_encrypt_decrypt.dcp with file C:/Users/USER/Documents/Leor Brenner/Final_Project/full_encrypt_decrypt_vivado/full_encrypt_decrypt_vivado.runs/synth_1/simon_cipher_top_encrypt_decrypt.dcp
launch_runs impl_1 -to_step write_bitstream -jobs 8
[Fri Jun 28 14:48:50 2024] Launched synth_1...
Run output will be captured here: C:/Users/USER/Documents/Leor Brenner/Final_Project/full_encrypt_decrypt_vivado/full_encrypt_decrypt_vivado.runs/synth_1/runme.log
[Fri Jun 28 14:48:50 2024] Launched impl_1...
Run output will be captured here: C:/Users/USER/Documents/Leor Brenner/Final_Project/full_encrypt_decrypt_vivado/full_encrypt_decrypt_vivado.runs/impl_1/runme.log
WARNING: [filemgmt 56-199] Attempt to get parsing info during refresh. "On-the-fly" syntax checking information may be incorrect. [C:\Users\USER\Documents\Leor Brenner\Final_Project\full_encrypt_decrypt\seven_segment.vhd:]
WARNING: [filemgmt 56-199] Attempt to get parsing info during refresh. "On-the-fly" syntax checking information may be incorrect. [C:\Users\USER\Documents\Leor Brenner\Final_Project\full_encrypt_decrypt\simon_cipher_top_encrypt_decrypt.vhd:]
ERROR: [Common 17-180] Spawn failed: No error
open_hw_manager
connect_hw_server -allow_non_jtag
INFO: [Labtools 27-2285] Connecting to hw_server url TCP:localhost:3121
INFO: [Labtools 27-2222] Launching hw_server...
INFO: [Labtools 27-2221] Launch Output:

****** Xilinx hw_server v2023.2
  **** Build date : Oct 13 2023 at 21:31:40
    ** Copyright 1986-2022 Xilinx, Inc. All Rights Reserved.


INFO: [Labtools 27-3415] Connecting to cs_server url TCP:localhost:0
INFO: [Labtools 27-3417] Launching cs_server...
INFO: [Labtools 27-2221] Launch Output:


******** Xilinx cs_server v2023.2.0
  ****** Build date   : Oct 10 2023-07:01:56
    **** Build number : 2023.2.1696910516
      ** Copyright 2017-2022 Xilinx, Inc. All Rights Reserved.
      ** Copyright 2022-2024 Advanced Micro Devices, Inc. All Rights Reserved.



connect_hw_server: Time (s): cpu = 00:00:01 ; elapsed = 00:00:06 . Memory (MB): peak = 1660.020 ; gain = 0.000
open_hw_target
INFO: [Labtoolstcl 44-466] Opening hw_target localhost:3121/xilinx_tcf/Digilent/210183B03910A
set_property PROGRAM.FILE {C:/Users/USER/Documents/Leor Brenner/Final_Project/full_encrypt_decrypt_vivado/full_encrypt_decrypt_vivado.runs/impl_1/simon_cipher_top_encrypt_decrypt.bit} [get_hw_devices xc7a35t_0]
current_hw_device [get_hw_devices xc7a35t_0]
refresh_hw_device -update_hw_probes false [lindex [get_hw_devices xc7a35t_0] 0]
INFO: [Labtools 27-1435] Device xc7a35t (JTAG device index = 0) is not programmed (DONE status = 0).
set_property PROBES.FILE {} [get_hw_devices xc7a35t_0]
set_property FULL_PROBES.FILE {} [get_hw_devices xc7a35t_0]
set_property PROGRAM.FILE {C:/Users/USER/Documents/Leor Brenner/Final_Project/full_encrypt_decrypt_vivado/full_encrypt_decrypt_vivado.runs/impl_1/simon_cipher_top_encrypt_decrypt.bit} [get_hw_devices xc7a35t_0]
program_hw_devices [get_hw_devices xc7a35t_0]
INFO: [Labtools 27-3164] End of startup status: HIGH
refresh_hw_device [lindex [get_hw_devices xc7a35t_0] 0]
INFO: [Labtools 27-1434] Device xc7a35t (JTAG device index = 0) is programmed with a design that has no supported debug core(s) in it.
open_run impl_1
INFO: [Device 21-403] Loading part xc7a35tcpg236-1
Netlist sorting complete. Time (s): cpu = 00:00:00 ; elapsed = 00:00:00.089 . Memory (MB): peak = 2085.336 ; gain = 0.000
INFO: [Netlist 29-17] Analyzing 27 Unisim elements for replacement
INFO: [Netlist 29-28] Unisim Transformation completed in 0 CPU seconds
INFO: [Project 1-479] Netlist was created with Vivado 2023.2
INFO: [Project 1-570] Preparing netlist for logic optimization
Read ShapeDB Complete: Time (s): cpu = 00:00:00 ; elapsed = 00:00:00.023 . Memory (MB): peak = 2182.020 ; gain = 1.953
INFO: [Timing 38-478] Restoring timing data from binary archive.
INFO: [Timing 38-479] Binary timing data restore complete.
INFO: [Project 1-856] Restoring constraints from binary archive.
INFO: [Project 1-853] Binary constraint restore complete.
INFO: [Designutils 20-5722] Start Reading Physical Databases.
Reading placement.
Read Netlist Cache: Time (s): cpu = 00:00:00 ; elapsed = 00:00:00.006 . Memory (MB): peak = 2791.855 ; gain = 0.000
Reading placer database...
Read Device Cache: Time (s): cpu = 00:00:00 ; elapsed = 00:00:00.007 . Memory (MB): peak = 2791.855 ; gain = 0.000
Read PlaceDB: Time (s): cpu = 00:00:00 ; elapsed = 00:00:00.201 . Memory (MB): peak = 2791.855 ; gain = 0.000
Read PulsedLatchDB: Time (s): cpu = 00:00:00 ; elapsed = 00:00:00 . Memory (MB): peak = 2791.855 ; gain = 0.000
Reading routing.
Read RouteStorage: Time (s): cpu = 00:00:00 ; elapsed = 00:00:00.092 . Memory (MB): peak = 2791.855 ; gain = 0.000
Read Physdb Files: Time (s): cpu = 00:00:00 ; elapsed = 00:00:00.317 . Memory (MB): peak = 2791.855 ; gain = 0.000
Restored from archive | CPU: 0.000000 secs | Memory: 0.000000 MB |
Finished XDEF File Restore: Time (s): cpu = 00:00:00 ; elapsed = 00:00:00.317 . Memory (MB): peak = 2791.855 ; gain = 0.000
Netlist sorting complete. Time (s): cpu = 00:00:00 ; elapsed = 00:00:00.002 . Memory (MB): peak = 2791.855 ; gain = 0.000
INFO: [Project 1-111] Unisim Transformation Summary:
No Unisim elements were transformed.

open_run: Time (s): cpu = 00:00:19 ; elapsed = 00:00:14 . Memory (MB): peak = 2937.766 ; gain = 1258.016
ERROR: [Labtoolstcl 44-513] HW Target shutdown. Closing target: localhost:3121/xilinx_tcf/Digilent/210183B03910A
