
*** Running vivado
    with args -log simon_cipher_top_encrypt_decrypt.vdi -applog -m64 -product Vivado -messageDb vivado.pb -mode batch -source simon_cipher_top_encrypt_decrypt.tcl -notrace



****** Vivado v2023.2 (64-bit)
  **** SW Build 4029153 on Fri Oct 13 20:14:34 MDT 2023
  **** IP Build 4028589 on Sat Oct 14 00:45:43 MDT 2023
  **** SharedData Build 4025554 on Tue Oct 10 17:18:54 MDT 2023
    ** Copyright 1986-2022 Xilinx, Inc. All Rights Reserved.
    ** Copyright 2022-2023 Advanced Micro Devices, Inc. All Rights Reserved.

source simon_cipher_top_encrypt_decrypt.tcl -notrace
Command: open_checkpoint {C:/Users/USER/Documents/Leor Brenner/Final_Project/full_encrypt_decrypt_vivado/full_encrypt_decrypt_vivado.runs/impl_1/simon_cipher_top_encrypt_decrypt.dcp}
INFO: [Device 21-403] Loading part xc7a35tcpg236-1
Netlist sorting complete. Time (s): cpu = 00:00:00 ; elapsed = 00:00:00.076 . Memory (MB): peak = 961.754 ; gain = 0.000
INFO: [Netlist 29-17] Analyzing 27 Unisim elements for replacement
INFO: [Netlist 29-28] Unisim Transformation completed in 0 CPU seconds
INFO: [Project 1-479] Netlist was created with Vivado 2023.2
INFO: [Project 1-570] Preparing netlist for logic optimization
Read ShapeDB Complete: Time (s): cpu = 00:00:00 ; elapsed = 00:00:00.006 . Memory (MB): peak = 1067.367 ; gain = 0.570
INFO: [Timing 38-478] Restoring timing data from binary archive.
INFO: [Timing 38-479] Binary timing data restore complete.
INFO: [Project 1-856] Restoring constraints from binary archive.
INFO: [Project 1-853] Binary constraint restore complete.
INFO: [Designutils 20-5722] Start Reading Physical Databases.
Reading placement.
Read Netlist Cache: Time (s): cpu = 00:00:00 ; elapsed = 00:00:00 . Memory (MB): peak = 1585.109 ; gain = 0.000
Reading placer database...
Read Device Cache: Time (s): cpu = 00:00:00 ; elapsed = 00:00:00.006 . Memory (MB): peak = 1585.109 ; gain = 0.000
Read PlaceDB: Time (s): cpu = 00:00:00 ; elapsed = 00:00:00 . Memory (MB): peak = 1585.109 ; gain = 0.000
Read PulsedLatchDB: Time (s): cpu = 00:00:00 ; elapsed = 00:00:00 . Memory (MB): peak = 1585.109 ; gain = 0.000
Reading routing.
Read RouteStorage: Time (s): cpu = 00:00:00 ; elapsed = 00:00:00.004 . Memory (MB): peak = 1585.109 ; gain = 0.000
Read Physdb Files: Time (s): cpu = 00:00:00 ; elapsed = 00:00:00.018 . Memory (MB): peak = 1585.109 ; gain = 0.000
Restored from archive | CPU: 0.000000 secs | Memory: 0.000000 MB |
Finished XDEF File Restore: Time (s): cpu = 00:00:00 ; elapsed = 00:00:00.061 . Memory (MB): peak = 1585.109 ; gain = 0.000
Netlist sorting complete. Time (s): cpu = 00:00:00 ; elapsed = 00:00:00.002 . Memory (MB): peak = 1585.109 ; gain = 0.000
INFO: [Project 1-111] Unisim Transformation Summary:
No Unisim elements were transformed.

The system cannot find the path specified.
INFO: [Project 1-604] Checkpoint was created with Vivado v2023.2 (64-bit) build 4029153
open_checkpoint: Time (s): cpu = 00:00:13 ; elapsed = 00:00:15 . Memory (MB): peak = 1585.109 ; gain = 1199.977
Command: opt_design
Attempting to get a license for feature 'Implementation' and/or device 'xc7a35t'
INFO: [Common 17-349] Got license for feature 'Implementation' and/or device 'xc7a35t'
Running DRC as a precondition to command opt_design

Starting DRC Task
INFO: [DRC 23-27] Running DRC with 2 threads
INFO: [Project 1-461] DRC finished with 0 Errors
INFO: [Project 1-462] Please refer to the DRC report (report_drc) for more information.

Time (s): cpu = 00:00:01 ; elapsed = 00:00:00.727 . Memory (MB): peak = 1603.762 ; gain = 18.652

Starting Cache Timing Information Task
INFO: [Timing 38-35] Done setting XDC timing constraints.
Ending Cache Timing Information Task | Checksum: 194d16cb6

Time (s): cpu = 00:00:00 ; elapsed = 00:00:00.199 . Memory (MB): peak = 1691.730 ; gain = 87.969

Starting Logic Optimization Task

Phase 1 Initialization

Phase 1.1 Core Generation And Design Setup
Phase 1.1 Core Generation And Design Setup | Checksum: 194d16cb6

Time (s): cpu = 00:00:00 ; elapsed = 00:00:00.004 . Memory (MB): peak = 2049.207 ; gain = 0.000

Phase 1.2 Setup Constraints And Sort Netlist
Phase 1.2 Setup Constraints And Sort Netlist | Checksum: 194d16cb6

Time (s): cpu = 00:00:00 ; elapsed = 00:00:00.010 . Memory (MB): peak = 2049.207 ; gain = 0.000
Phase 1 Initialization | Checksum: 194d16cb6

Time (s): cpu = 00:00:00 ; elapsed = 00:00:00.010 . Memory (MB): peak = 2049.207 ; gain = 0.000

Phase 2 Timer Update And Timing Data Collection

Phase 2.1 Timer Update
Phase 2.1 Timer Update | Checksum: 194d16cb6

Time (s): cpu = 00:00:00 ; elapsed = 00:00:00.120 . Memory (MB): peak = 2049.207 ; gain = 0.000

Phase 2.2 Timing Data Collection
Phase 2.2 Timing Data Collection | Checksum: 194d16cb6

Time (s): cpu = 00:00:01 ; elapsed = 00:00:00.140 . Memory (MB): peak = 2049.207 ; gain = 0.000
Phase 2 Timer Update And Timing Data Collection | Checksum: 194d16cb6

Time (s): cpu = 00:00:01 ; elapsed = 00:00:00.140 . Memory (MB): peak = 2049.207 ; gain = 0.000

Phase 3 Retarget
INFO: [Opt 31-138] Pushed 0 inverter(s) to 0 load pin(s).
INFO: [Opt 31-49] Retargeted 0 cell(s).
Phase 3 Retarget | Checksum: 194d16cb6

Time (s): cpu = 00:00:01 ; elapsed = 00:00:00.243 . Memory (MB): peak = 2049.207 ; gain = 0.000
Retarget | Checksum: 194d16cb6
INFO: [Opt 31-389] Phase Retarget created 0 cells and removed 0 cells

Phase 4 Constant propagation
INFO: [Opt 31-138] Pushed 0 inverter(s) to 0 load pin(s).
Phase 4 Constant propagation | Checksum: 194d16cb6

Time (s): cpu = 00:00:01 ; elapsed = 00:00:00.274 . Memory (MB): peak = 2049.207 ; gain = 0.000
Constant propagation | Checksum: 194d16cb6
INFO: [Opt 31-389] Phase Constant propagation created 0 cells and removed 0 cells

Phase 5 Sweep
Phase 5 Sweep | Checksum: 168bd5506

Time (s): cpu = 00:00:01 ; elapsed = 00:00:00.338 . Memory (MB): peak = 2049.207 ; gain = 0.000
Sweep | Checksum: 168bd5506
INFO: [Opt 31-389] Phase Sweep created 1 cells and removed 0 cells

Phase 6 BUFG optimization
Phase 6 BUFG optimization | Checksum: 168bd5506

Time (s): cpu = 00:00:01 ; elapsed = 00:00:00.428 . Memory (MB): peak = 2049.207 ; gain = 0.000
BUFG optimization | Checksum: 168bd5506
INFO: [Opt 31-662] Phase BUFG optimization created 0 cells of which 0 are BUFGs and removed 0 cells.

Phase 7 Shift Register Optimization
INFO: [Opt 31-1064] SRL Remap converted 0 SRLs to 0 registers and converted 0 registers of register chains to 0 SRLs
Phase 7 Shift Register Optimization | Checksum: 168bd5506

Time (s): cpu = 00:00:01 ; elapsed = 00:00:00.437 . Memory (MB): peak = 2049.207 ; gain = 0.000
Shift Register Optimization | Checksum: 168bd5506
INFO: [Opt 31-389] Phase Shift Register Optimization created 0 cells and removed 0 cells

Phase 8 Post Processing Netlist
Phase 8 Post Processing Netlist | Checksum: 172fc8366

Time (s): cpu = 00:00:01 ; elapsed = 00:00:00.453 . Memory (MB): peak = 2049.207 ; gain = 0.000
Post Processing Netlist | Checksum: 172fc8366
INFO: [Opt 31-389] Phase Post Processing Netlist created 0 cells and removed 0 cells

Phase 9 Finalization

Phase 9.1 Finalizing Design Cores and Updating Shapes
Phase 9.1 Finalizing Design Cores and Updating Shapes | Checksum: 15af8760b

Time (s): cpu = 00:00:01 ; elapsed = 00:00:00.483 . Memory (MB): peak = 2049.207 ; gain = 0.000

Phase 9.2 Verifying Netlist Connectivity

Starting Connectivity Check Task

Time (s): cpu = 00:00:00 ; elapsed = 00:00:00.008 . Memory (MB): peak = 2049.207 ; gain = 0.000
Phase 9.2 Verifying Netlist Connectivity | Checksum: 15af8760b

Time (s): cpu = 00:00:01 ; elapsed = 00:00:00.492 . Memory (MB): peak = 2049.207 ; gain = 0.000
Phase 9 Finalization | Checksum: 15af8760b

Time (s): cpu = 00:00:01 ; elapsed = 00:00:00.492 . Memory (MB): peak = 2049.207 ; gain = 0.000
Opt_design Change Summary
=========================


-------------------------------------------------------------------------------------------------------------------------
|  Phase                        |  #Cells created  |  #Cells Removed  |  #Constrained objects preventing optimizations  |
-------------------------------------------------------------------------------------------------------------------------
|  Retarget                     |               0  |               0  |                                              0  |
|  Constant propagation         |               0  |               0  |                                              0  |
|  Sweep                        |               1  |               0  |                                              0  |
|  BUFG optimization            |               0  |               0  |                                              0  |
|  Shift Register Optimization  |               0  |               0  |                                              0  |
|  Post Processing Netlist      |               0  |               0  |                                              0  |
-------------------------------------------------------------------------------------------------------------------------


Ending Logic Optimization Task | Checksum: 15af8760b

Time (s): cpu = 00:00:01 ; elapsed = 00:00:00.494 . Memory (MB): peak = 2049.207 ; gain = 0.000
INFO: [Constraints 18-11670] Building netlist checker database with flags, 0x8
Done building netlist checker database: Time (s): cpu = 00:00:00 ; elapsed = 00:00:00.002 . Memory (MB): peak = 2049.207 ; gain = 0.000

Starting Power Optimization Task
INFO: [Pwropt 34-132] Skipping clock gating for clocks with a period < 2.00 ns.
Ending Power Optimization Task | Checksum: 15af8760b

Time (s): cpu = 00:00:00 ; elapsed = 00:00:00.032 . Memory (MB): peak = 2049.207 ; gain = 0.000

Starting Final Cleanup Task
Ending Final Cleanup Task | Checksum: 15af8760b

Time (s): cpu = 00:00:00 ; elapsed = 00:00:00.001 . Memory (MB): peak = 2049.207 ; gain = 0.000

Starting Netlist Obfuscation Task
Netlist sorting complete. Time (s): cpu = 00:00:00 ; elapsed = 00:00:00.002 . Memory (MB): peak = 2049.207 ; gain = 0.000
Ending Netlist Obfuscation Task | Checksum: 15af8760b

Time (s): cpu = 00:00:00 ; elapsed = 00:00:00.003 . Memory (MB): peak = 2049.207 ; gain = 0.000
INFO: [Common 17-83] Releasing license: Implementation
30 Infos, 0 Warnings, 0 Critical Warnings and 0 Errors encountered.
opt_design completed successfully
INFO: [runtcl-4] Executing : report_drc -file simon_cipher_top_encrypt_decrypt_drc_opted.rpt -pb simon_cipher_top_encrypt_decrypt_drc_opted.pb -rpx simon_cipher_top_encrypt_decrypt_drc_opted.rpx
Command: report_drc -file simon_cipher_top_encrypt_decrypt_drc_opted.rpt -pb simon_cipher_top_encrypt_decrypt_drc_opted.pb -rpx simon_cipher_top_encrypt_decrypt_drc_opted.rpx
INFO: [IP_Flow 19-234] Refreshing IP repositories
INFO: [IP_Flow 19-1704] No user IP repositories specified
INFO: [IP_Flow 19-2313] Loaded Vivado IP repository 'C:/Xilinx/Vivado/2023.2/data/ip'.
INFO: [DRC 23-27] Running DRC with 2 threads
INFO: [Vivado_Tcl 2-168] The results of DRC are in file C:/Users/USER/Documents/Leor Brenner/Final_Project/full_encrypt_decrypt_vivado/full_encrypt_decrypt_vivado.runs/impl_1/simon_cipher_top_encrypt_decrypt_drc_opted.rpt.
report_drc completed successfully
INFO: [Timing 38-480] Writing timing data to binary archive.
Wrote PlaceDB: Time (s): cpu = 00:00:00 ; elapsed = 00:00:00.002 . Memory (MB): peak = 2049.207 ; gain = 0.000
Wrote PulsedLatchDB: Time (s): cpu = 00:00:00 ; elapsed = 00:00:00 . Memory (MB): peak = 2049.207 ; gain = 0.000
Writing XDEF routing.
Write ShapeDB Complete: Time (s): cpu = 00:00:00 ; elapsed = 00:00:00.005 . Memory (MB): peak = 2049.207 ; gain = 0.000
Writing XDEF routing logical nets.
Writing XDEF routing special nets.
Wrote RouteStorage: Time (s): cpu = 00:00:00 ; elapsed = 00:00:00.018 . Memory (MB): peak = 2049.207 ; gain = 0.000
Wrote Netlist Cache: Time (s): cpu = 00:00:00 ; elapsed = 00:00:00 . Memory (MB): peak = 2049.207 ; gain = 0.000
Wrote Device Cache: Time (s): cpu = 00:00:00 ; elapsed = 00:00:00.005 . Memory (MB): peak = 2049.207 ; gain = 0.000
Write Physdb Complete: Time (s): cpu = 00:00:00 ; elapsed = 00:00:00.029 . Memory (MB): peak = 2049.207 ; gain = 0.000
INFO: [Common 17-1381] The checkpoint 'C:/Users/USER/Documents/Leor Brenner/Final_Project/full_encrypt_decrypt_vivado/full_encrypt_decrypt_vivado.runs/impl_1/simon_cipher_top_encrypt_decrypt_opt.dcp' has been generated.
Command: place_design
Attempting to get a license for feature 'Implementation' and/or device 'xc7a35t'
INFO: [Common 17-349] Got license for feature 'Implementation' and/or device 'xc7a35t'
INFO: [Common 17-83] Releasing license: Implementation
INFO: [DRC 23-27] Running DRC with 2 threads
INFO: [Vivado_Tcl 4-198] DRC finished with 0 Errors
INFO: [Vivado_Tcl 4-199] Please refer to the DRC report (report_drc) for more information.
Running DRC as a precondition to command place_design
INFO: [DRC 23-27] Running DRC with 2 threads
INFO: [Vivado_Tcl 4-198] DRC finished with 0 Errors
INFO: [Vivado_Tcl 4-199] Please refer to the DRC report (report_drc) for more information.
INFO: [Place 30-611] Multithreading enabled for place_design using a maximum of 2 CPUs

Starting Placer Task

Phase 1 Placer Initialization

Phase 1.1 Placer Initialization Netlist Sorting
Netlist sorting complete. Time (s): cpu = 00:00:00 ; elapsed = 00:00:00.003 . Memory (MB): peak = 2049.207 ; gain = 0.000
Phase 1.1 Placer Initialization Netlist Sorting | Checksum: 102ac9f09

Time (s): cpu = 00:00:00 ; elapsed = 00:00:00.028 . Memory (MB): peak = 2049.207 ; gain = 0.000
Netlist sorting complete. Time (s): cpu = 00:00:00 ; elapsed = 00:00:00.001 . Memory (MB): peak = 2049.207 ; gain = 0.000

Phase 1.2 IO Placement/ Clock Placement/ Build Placer Device
INFO: [Timing 38-35] Done setting XDC timing constraints.
Phase 1.2 IO Placement/ Clock Placement/ Build Placer Device | Checksum: 114822c58

Time (s): cpu = 00:00:01 ; elapsed = 00:00:00.841 . Memory (MB): peak = 2049.207 ; gain = 0.000

Phase 1.3 Build Placer Netlist Model
Phase 1.3 Build Placer Netlist Model | Checksum: 184180a53

Time (s): cpu = 00:00:02 ; elapsed = 00:00:02 . Memory (MB): peak = 2049.207 ; gain = 0.000

Phase 1.4 Constrain Clocks/Macros
Phase 1.4 Constrain Clocks/Macros | Checksum: 184180a53

Time (s): cpu = 00:00:02 ; elapsed = 00:00:02 . Memory (MB): peak = 2049.207 ; gain = 0.000
Phase 1 Placer Initialization | Checksum: 184180a53

Time (s): cpu = 00:00:02 ; elapsed = 00:00:02 . Memory (MB): peak = 2049.207 ; gain = 0.000

Phase 2 Global Placement

Phase 2.1 Floorplanning
Phase 2.1 Floorplanning | Checksum: 1ee6a1ae2

Time (s): cpu = 00:00:02 ; elapsed = 00:00:02 . Memory (MB): peak = 2049.207 ; gain = 0.000

Phase 2.2 Update Timing before SLR Path Opt
Phase 2.2 Update Timing before SLR Path Opt | Checksum: 1f33b2e31

Time (s): cpu = 00:00:03 ; elapsed = 00:00:02 . Memory (MB): peak = 2049.207 ; gain = 0.000

Phase 2.3 Post-Processing in Floorplanning
Phase 2.3 Post-Processing in Floorplanning | Checksum: 1f33b2e31

Time (s): cpu = 00:00:03 ; elapsed = 00:00:02 . Memory (MB): peak = 2049.207 ; gain = 0.000

Phase 2.4 Global Placement Core

Phase 2.4.1 UpdateTiming Before Physical Synthesis
Phase 2.4.1 UpdateTiming Before Physical Synthesis | Checksum: 1575427c0

Time (s): cpu = 00:00:05 ; elapsed = 00:00:04 . Memory (MB): peak = 2049.207 ; gain = 0.000

Phase 2.4.2 Physical Synthesis In Placer
INFO: [Physopt 32-1035] Found 0 LUTNM shape to break, 15 LUT instances to create LUTNM shape
INFO: [Physopt 32-1044] Break lutnm for timing: one critical 0, two critical 0, total 0, new lutff created 0
INFO: [Physopt 32-1138] End 1 Pass. Optimized 7 nets or LUTs. Breaked 0 LUT, combined 7 existing LUTs and moved 0 existing LUT
INFO: [Physopt 32-65] No nets found for high-fanout optimization.
INFO: [Physopt 32-232] Optimized 0 net. Created 0 new instance.
INFO: [Physopt 32-775] End 1 Pass. Optimized 0 net or cell. Created 0 new cell, deleted 0 existing cell and moved 0 existing cell
INFO: [Physopt 32-670] No setup violation found.  DSP Register Optimization was not performed.
INFO: [Physopt 32-670] No setup violation found.  Shift Register to Pipeline Optimization was not performed.
INFO: [Physopt 32-670] No setup violation found.  Shift Register Optimization was not performed.
INFO: [Physopt 32-670] No setup violation found.  BRAM Register Optimization was not performed.
INFO: [Physopt 32-670] No setup violation found.  URAM Register Optimization was not performed.
INFO: [Physopt 32-949] No candidate nets found for dynamic/static region interface net replication
INFO: [Physopt 32-775] End 1 Pass. Optimized 0 net or cell. Created 0 new cell, deleted 0 existing cell and moved 0 existing cell
Netlist sorting complete. Time (s): cpu = 00:00:00 ; elapsed = 00:00:00.003 . Memory (MB): peak = 2049.207 ; gain = 0.000

Summary of Physical Synthesis Optimizations
============================================


-----------------------------------------------------------------------------------------------------------------------------------------------------------
|  Optimization                                     |  Added Cells  |  Removed Cells  |  Optimized Cells/Nets  |  Dont Touch  |  Iterations  |  Elapsed   |
-----------------------------------------------------------------------------------------------------------------------------------------------------------
|  LUT Combining                                    |            0  |              7  |                     7  |           0  |           1  |  00:00:00  |
|  Retime                                           |            0  |              0  |                     0  |           0  |           1  |  00:00:00  |
|  Very High Fanout                                 |            0  |              0  |                     0  |           0  |           1  |  00:00:00  |
|  DSP Register                                     |            0  |              0  |                     0  |           0  |           0  |  00:00:00  |
|  Shift Register to Pipeline                       |            0  |              0  |                     0  |           0  |           0  |  00:00:00  |
|  Shift Register                                   |            0  |              0  |                     0  |           0  |           0  |  00:00:00  |
|  BRAM Register                                    |            0  |              0  |                     0  |           0  |           0  |  00:00:00  |
|  URAM Register                                    |            0  |              0  |                     0  |           0  |           0  |  00:00:00  |
|  Dynamic/Static Region Interface Net Replication  |            0  |              0  |                     0  |           0  |           1  |  00:00:00  |
|  Total                                            |            0  |              7  |                     7  |           0  |           4  |  00:00:00  |
-----------------------------------------------------------------------------------------------------------------------------------------------------------


Phase 2.4.2 Physical Synthesis In Placer | Checksum: 1327b86bf

Time (s): cpu = 00:00:05 ; elapsed = 00:00:04 . Memory (MB): peak = 2049.207 ; gain = 0.000
Phase 2.4 Global Placement Core | Checksum: 1ff3e6cae

Time (s): cpu = 00:00:06 ; elapsed = 00:00:04 . Memory (MB): peak = 2049.207 ; gain = 0.000
Phase 2 Global Placement | Checksum: 1ff3e6cae

Time (s): cpu = 00:00:06 ; elapsed = 00:00:04 . Memory (MB): peak = 2049.207 ; gain = 0.000

Phase 3 Detail Placement

Phase 3.1 Commit Multi Column Macros
Phase 3.1 Commit Multi Column Macros | Checksum: 21290d81c

Time (s): cpu = 00:00:06 ; elapsed = 00:00:05 . Memory (MB): peak = 2049.207 ; gain = 0.000

Phase 3.2 Commit Most Macros & LUTRAMs
Phase 3.2 Commit Most Macros & LUTRAMs | Checksum: 16ca43cda

Time (s): cpu = 00:00:07 ; elapsed = 00:00:05 . Memory (MB): peak = 2049.207 ; gain = 0.000

Phase 3.3 Area Swap Optimization
Phase 3.3 Area Swap Optimization | Checksum: 1f90eb162

Time (s): cpu = 00:00:07 ; elapsed = 00:00:05 . Memory (MB): peak = 2049.207 ; gain = 0.000

Phase 3.4 Pipeline Register Optimization
Phase 3.4 Pipeline Register Optimization | Checksum: 1762997bd

Time (s): cpu = 00:00:07 ; elapsed = 00:00:05 . Memory (MB): peak = 2049.207 ; gain = 0.000

Phase 3.5 Small Shape Detail Placement
Phase 3.5 Small Shape Detail Placement | Checksum: 177e32f53

Time (s): cpu = 00:00:08 ; elapsed = 00:00:07 . Memory (MB): peak = 2049.207 ; gain = 0.000

Phase 3.6 Re-assign LUT pins
Phase 3.6 Re-assign LUT pins | Checksum: 15945f2d3

Time (s): cpu = 00:00:08 ; elapsed = 00:00:07 . Memory (MB): peak = 2049.207 ; gain = 0.000

Phase 3.7 Pipeline Register Optimization
Phase 3.7 Pipeline Register Optimization | Checksum: 1b549b8cf

Time (s): cpu = 00:00:08 ; elapsed = 00:00:07 . Memory (MB): peak = 2049.207 ; gain = 0.000
Phase 3 Detail Placement | Checksum: 1b549b8cf

Time (s): cpu = 00:00:08 ; elapsed = 00:00:07 . Memory (MB): peak = 2049.207 ; gain = 0.000

Phase 4 Post Placement Optimization and Clean-Up

Phase 4.1 Post Commit Optimization
INFO: [Timing 38-35] Done setting XDC timing constraints.

Phase 4.1.1 Post Placement Optimization
Post Placement Optimization Initialization | Checksum: 156eb0590

Phase 4.1.1.1 BUFG Insertion

Starting Physical Synthesis Task

Phase 1 Physical Synthesis Initialization
INFO: [Physopt 32-721] Multithreading enabled for phys_opt_design using a maximum of 2 CPUs
INFO: [Physopt 32-619] Estimated Timing Summary | WNS=4.599 | TNS=0.000 |
Phase 1 Physical Synthesis Initialization | Checksum: f9cde876

Time (s): cpu = 00:00:00 ; elapsed = 00:00:00.269 . Memory (MB): peak = 2049.207 ; gain = 0.000
INFO: [Place 46-56] BUFG insertion identified 0 candidate nets. Inserted BUFG: 0, Replicated BUFG Driver: 0, Skipped due to Placement/Routing Conflicts: 0, Skipped due to Timing Degradation: 0, Skipped due to netlist editing failed: 0.
Ending Physical Synthesis Task | Checksum: f9cde876

Time (s): cpu = 00:00:00 ; elapsed = 00:00:00.327 . Memory (MB): peak = 2049.207 ; gain = 0.000
Phase 4.1.1.1 BUFG Insertion | Checksum: 156eb0590

Time (s): cpu = 00:00:10 ; elapsed = 00:00:08 . Memory (MB): peak = 2049.207 ; gain = 0.000

Phase 4.1.1.2 Post Placement Timing Optimization
INFO: [Place 30-746] Post Placement Timing Summary WNS=4.599. For the most accurate timing information please run report_timing.
Phase 4.1.1.2 Post Placement Timing Optimization | Checksum: 14e305149

Time (s): cpu = 00:00:10 ; elapsed = 00:00:08 . Memory (MB): peak = 2049.207 ; gain = 0.000

Time (s): cpu = 00:00:10 ; elapsed = 00:00:08 . Memory (MB): peak = 2049.207 ; gain = 0.000
Phase 4.1 Post Commit Optimization | Checksum: 14e305149

Time (s): cpu = 00:00:10 ; elapsed = 00:00:08 . Memory (MB): peak = 2049.207 ; gain = 0.000

Phase 4.2 Post Placement Cleanup
Phase 4.2 Post Placement Cleanup | Checksum: 14e305149

Time (s): cpu = 00:00:10 ; elapsed = 00:00:08 . Memory (MB): peak = 2049.207 ; gain = 0.000

Phase 4.3 Placer Reporting

Phase 4.3.1 Print Estimated Congestion
INFO: [Place 30-612] Post-Placement Estimated Congestion 
 ____________________________________________________
|           | Global Congestion | Short Congestion  |
| Direction | Region Size       | Region Size       |
|___________|___________________|___________________|
|      North|                1x1|                1x1|
|___________|___________________|___________________|
|      South|                1x1|                1x1|
|___________|___________________|___________________|
|       East|                1x1|                1x1|
|___________|___________________|___________________|
|       West|                1x1|                1x1|
|___________|___________________|___________________|

Phase 4.3.1 Print Estimated Congestion | Checksum: 14e305149

Time (s): cpu = 00:00:11 ; elapsed = 00:00:08 . Memory (MB): peak = 2049.207 ; gain = 0.000
Phase 4.3 Placer Reporting | Checksum: 14e305149

Time (s): cpu = 00:00:11 ; elapsed = 00:00:08 . Memory (MB): peak = 2049.207 ; gain = 0.000

Phase 4.4 Final Placement Cleanup
Netlist sorting complete. Time (s): cpu = 00:00:00 ; elapsed = 00:00:00.001 . Memory (MB): peak = 2049.207 ; gain = 0.000

Time (s): cpu = 00:00:11 ; elapsed = 00:00:08 . Memory (MB): peak = 2049.207 ; gain = 0.000
Phase 4 Post Placement Optimization and Clean-Up | Checksum: 105f0059f

Time (s): cpu = 00:00:11 ; elapsed = 00:00:08 . Memory (MB): peak = 2049.207 ; gain = 0.000
Ending Placer Task | Checksum: 5941c5ca

Time (s): cpu = 00:00:11 ; elapsed = 00:00:08 . Memory (MB): peak = 2049.207 ; gain = 0.000
67 Infos, 0 Warnings, 0 Critical Warnings and 0 Errors encountered.
place_design completed successfully
place_design: Time (s): cpu = 00:00:12 ; elapsed = 00:00:09 . Memory (MB): peak = 2049.207 ; gain = 0.000
INFO: [runtcl-4] Executing : report_io -file simon_cipher_top_encrypt_decrypt_io_placed.rpt
report_io: Time (s): cpu = 00:00:00 ; elapsed = 00:00:00.025 . Memory (MB): peak = 2049.207 ; gain = 0.000
INFO: [runtcl-4] Executing : report_utilization -file simon_cipher_top_encrypt_decrypt_utilization_placed.rpt -pb simon_cipher_top_encrypt_decrypt_utilization_placed.pb
INFO: [runtcl-4] Executing : report_control_sets -verbose -file simon_cipher_top_encrypt_decrypt_control_sets_placed.rpt
report_control_sets: Time (s): cpu = 00:00:00 ; elapsed = 00:00:00.017 . Memory (MB): peak = 2049.207 ; gain = 0.000
INFO: [Timing 38-480] Writing timing data to binary archive.
Write ShapeDB Complete: Time (s): cpu = 00:00:00 ; elapsed = 00:00:00.020 . Memory (MB): peak = 2050.164 ; gain = 0.957
Wrote PlaceDB: Time (s): cpu = 00:00:01 ; elapsed = 00:00:00.343 . Memory (MB): peak = 2050.164 ; gain = 0.957
Wrote PulsedLatchDB: Time (s): cpu = 00:00:00 ; elapsed = 00:00:00 . Memory (MB): peak = 2050.164 ; gain = 0.000
Writing XDEF routing.
Writing XDEF routing logical nets.
Writing XDEF routing special nets.
Wrote RouteStorage: Time (s): cpu = 00:00:00 ; elapsed = 00:00:00.015 . Memory (MB): peak = 2050.164 ; gain = 0.000
Wrote Netlist Cache: Time (s): cpu = 00:00:00 ; elapsed = 00:00:00.006 . Memory (MB): peak = 2050.164 ; gain = 0.000
Wrote Device Cache: Time (s): cpu = 00:00:00 ; elapsed = 00:00:00.003 . Memory (MB): peak = 2050.164 ; gain = 0.000
Write Physdb Complete: Time (s): cpu = 00:00:01 ; elapsed = 00:00:00.376 . Memory (MB): peak = 2050.164 ; gain = 0.957
INFO: [Common 17-1381] The checkpoint 'C:/Users/USER/Documents/Leor Brenner/Final_Project/full_encrypt_decrypt_vivado/full_encrypt_decrypt_vivado.runs/impl_1/simon_cipher_top_encrypt_decrypt_placed.dcp' has been generated.
Command: phys_opt_design
Attempting to get a license for feature 'Implementation' and/or device 'xc7a35t'
INFO: [Common 17-349] Got license for feature 'Implementation' and/or device 'xc7a35t'

Starting Initial Update Timing Task

Time (s): cpu = 00:00:02 ; elapsed = 00:00:00.677 . Memory (MB): peak = 2064.691 ; gain = 14.527
INFO: [Vivado_Tcl 4-383] Design worst setup slack (WNS) is greater than or equal to 0.000 ns. Skipping all physical synthesis optimizations.
INFO: [Vivado_Tcl 4-232] No setup violation found. The netlist was not modified.
INFO: [Common 17-83] Releasing license: Implementation
76 Infos, 0 Warnings, 0 Critical Warnings and 0 Errors encountered.
phys_opt_design completed successfully
INFO: [Timing 38-480] Writing timing data to binary archive.
Write ShapeDB Complete: Time (s): cpu = 00:00:00 ; elapsed = 00:00:00.018 . Memory (MB): peak = 2089.512 ; gain = 6.895
Wrote PlaceDB: Time (s): cpu = 00:00:01 ; elapsed = 00:00:00.336 . Memory (MB): peak = 2089.512 ; gain = 3.973
Wrote PulsedLatchDB: Time (s): cpu = 00:00:00 ; elapsed = 00:00:00 . Memory (MB): peak = 2089.512 ; gain = 0.000
Writing XDEF routing.
Writing XDEF routing logical nets.
Writing XDEF routing special nets.
Wrote RouteStorage: Time (s): cpu = 00:00:00 ; elapsed = 00:00:00.016 . Memory (MB): peak = 2089.512 ; gain = 0.000
Wrote Netlist Cache: Time (s): cpu = 00:00:00 ; elapsed = 00:00:00.007 . Memory (MB): peak = 2089.512 ; gain = 0.000
Wrote Device Cache: Time (s): cpu = 00:00:00 ; elapsed = 00:00:00.004 . Memory (MB): peak = 2089.512 ; gain = 0.000
Write Physdb Complete: Time (s): cpu = 00:00:01 ; elapsed = 00:00:00.370 . Memory (MB): peak = 2089.512 ; gain = 6.895
INFO: [Common 17-1381] The checkpoint 'C:/Users/USER/Documents/Leor Brenner/Final_Project/full_encrypt_decrypt_vivado/full_encrypt_decrypt_vivado.runs/impl_1/simon_cipher_top_encrypt_decrypt_physopt.dcp' has been generated.
Command: route_design
Attempting to get a license for feature 'Implementation' and/or device 'xc7a35t'
INFO: [Common 17-349] Got license for feature 'Implementation' and/or device 'xc7a35t'
Running DRC as a precondition to command route_design
INFO: [DRC 23-27] Running DRC with 2 threads
INFO: [Vivado_Tcl 4-198] DRC finished with 0 Errors
INFO: [Vivado_Tcl 4-199] Please refer to the DRC report (report_drc) for more information.


Starting Routing Task
INFO: [Route 35-254] Multithreading enabled for route_design using a maximum of 8 CPUs

Phase 1 Build RT Design
Checksum: PlaceDB: 5400b9af ConstDB: 0 ShapeSum: 5410c1b RouteDB: 0
Post Restoration Checksum: NetGraph: 97d0902b | NumContArr: b2775344 | Constraints: c2a8fa9d | Timing: c2a8fa9d
Phase 1 Build RT Design | Checksum: 2cf99d8a9

Time (s): cpu = 00:00:16 ; elapsed = 00:00:13 . Memory (MB): peak = 2214.004 ; gain = 109.363

Phase 2 Router Initialization

Phase 2.1 Fix Topology Constraints
Phase 2.1 Fix Topology Constraints | Checksum: 2cf99d8a9

Time (s): cpu = 00:00:16 ; elapsed = 00:00:13 . Memory (MB): peak = 2214.004 ; gain = 109.363

Phase 2.2 Pre Route Cleanup
Phase 2.2 Pre Route Cleanup | Checksum: 2cf99d8a9

Time (s): cpu = 00:00:16 ; elapsed = 00:00:13 . Memory (MB): peak = 2214.004 ; gain = 109.363
 Number of Nodes with overlaps = 0

Phase 2.3 Update Timing
Phase 2.3 Update Timing | Checksum: 2a12e818a

Time (s): cpu = 00:00:18 ; elapsed = 00:00:15 . Memory (MB): peak = 2235.203 ; gain = 130.562
INFO: [Route 35-416] Intermediate Timing Summary | WNS=4.572  | TNS=0.000  | WHS=-0.144 | THS=-191.341|


Router Utilization Summary
  Global Vertical Routing Utilization    = 0 %
  Global Horizontal Routing Utilization  = 0 %
  Routable Net Status*
  *Does not include unroutable nets such as driverless and loadless.
  Run report_route_status for detailed report.
  Number of Failed Nets               = 7638
    (Failed Nets is the sum of unrouted and partially routed nets)
  Number of Unrouted Nets             = 7638
  Number of Partially Routed Nets     = 0
  Number of Node Overlaps             = 0

Phase 2 Router Initialization | Checksum: 2b601ec6f

Time (s): cpu = 00:00:20 ; elapsed = 00:00:16 . Memory (MB): peak = 2251.824 ; gain = 147.184

Phase 3 Initial Routing

Phase 3.1 Global Routing
Phase 3.1 Global Routing | Checksum: 2b601ec6f

Time (s): cpu = 00:00:20 ; elapsed = 00:00:16 . Memory (MB): peak = 2251.824 ; gain = 147.184

Phase 3.2 Initial Net Routing
Phase 3.2 Initial Net Routing | Checksum: 1c037dccb

Time (s): cpu = 00:00:21 ; elapsed = 00:00:16 . Memory (MB): peak = 2251.824 ; gain = 147.184
Phase 3 Initial Routing | Checksum: 1c037dccb

Time (s): cpu = 00:00:21 ; elapsed = 00:00:16 . Memory (MB): peak = 2251.824 ; gain = 147.184

Phase 4 Rip-up And Reroute

Phase 4.1 Global Iteration 0
 Number of Nodes with overlaps = 332
 Number of Nodes with overlaps = 41
 Number of Nodes with overlaps = 9
 Number of Nodes with overlaps = 1
 Number of Nodes with overlaps = 0
INFO: [Route 35-416] Intermediate Timing Summary | WNS=4.603  | TNS=0.000  | WHS=N/A    | THS=N/A    |

Phase 4.1 Global Iteration 0 | Checksum: 1fd97a2e3

Time (s): cpu = 00:00:25 ; elapsed = 00:00:18 . Memory (MB): peak = 2251.824 ; gain = 147.184

Phase 4.2 Global Iteration 1
 Number of Nodes with overlaps = 4
 Number of Nodes with overlaps = 0
INFO: [Route 35-416] Intermediate Timing Summary | WNS=4.603  | TNS=0.000  | WHS=N/A    | THS=N/A    |

Phase 4.2 Global Iteration 1 | Checksum: 19692e3c3

Time (s): cpu = 00:00:25 ; elapsed = 00:00:18 . Memory (MB): peak = 2251.824 ; gain = 147.184

Phase 4.3 Global Iteration 2
 Number of Nodes with overlaps = 2
 Number of Nodes with overlaps = 0
INFO: [Route 35-416] Intermediate Timing Summary | WNS=4.603  | TNS=0.000  | WHS=N/A    | THS=N/A    |

Phase 4.3 Global Iteration 2 | Checksum: 241b942e2

Time (s): cpu = 00:00:25 ; elapsed = 00:00:18 . Memory (MB): peak = 2251.824 ; gain = 147.184
Phase 4 Rip-up And Reroute | Checksum: 241b942e2

Time (s): cpu = 00:00:25 ; elapsed = 00:00:18 . Memory (MB): peak = 2251.824 ; gain = 147.184

Phase 5 Delay and Skew Optimization

Phase 5.1 Delay CleanUp
Phase 5.1 Delay CleanUp | Checksum: 241b942e2

Time (s): cpu = 00:00:25 ; elapsed = 00:00:18 . Memory (MB): peak = 2251.824 ; gain = 147.184

Phase 5.2 Clock Skew Optimization
Phase 5.2 Clock Skew Optimization | Checksum: 241b942e2

Time (s): cpu = 00:00:25 ; elapsed = 00:00:18 . Memory (MB): peak = 2251.824 ; gain = 147.184
Phase 5 Delay and Skew Optimization | Checksum: 241b942e2

Time (s): cpu = 00:00:25 ; elapsed = 00:00:18 . Memory (MB): peak = 2251.824 ; gain = 147.184

Phase 6 Post Hold Fix

Phase 6.1 Hold Fix Iter

Phase 6.1.1 Update Timing
Phase 6.1.1 Update Timing | Checksum: 28d3ca24b

Time (s): cpu = 00:00:26 ; elapsed = 00:00:19 . Memory (MB): peak = 2251.824 ; gain = 147.184
INFO: [Route 35-416] Intermediate Timing Summary | WNS=4.664  | TNS=0.000  | WHS=0.011  | THS=0.000  |

Phase 6.1 Hold Fix Iter | Checksum: 22e05b3f5

Time (s): cpu = 00:00:26 ; elapsed = 00:00:19 . Memory (MB): peak = 2251.824 ; gain = 147.184
Phase 6 Post Hold Fix | Checksum: 22e05b3f5

Time (s): cpu = 00:00:26 ; elapsed = 00:00:19 . Memory (MB): peak = 2251.824 ; gain = 147.184

Phase 7 Route finalize

Router Utilization Summary
  Global Vertical Routing Utilization    = 1.53368 %
  Global Horizontal Routing Utilization  = 2.25156 %
  Routable Net Status*
  *Does not include unroutable nets such as driverless and loadless.
  Run report_route_status for detailed report.
  Number of Failed Nets               = 0
    (Failed Nets is the sum of unrouted and partially routed nets)
  Number of Unrouted Nets             = 0
  Number of Partially Routed Nets     = 0
  Number of Node Overlaps             = 0

Phase 7 Route finalize | Checksum: 22e05b3f5

Time (s): cpu = 00:00:26 ; elapsed = 00:00:19 . Memory (MB): peak = 2251.824 ; gain = 147.184

Phase 8 Verifying routed nets

 Verification completed successfully
Phase 8 Verifying routed nets | Checksum: 22e05b3f5

Time (s): cpu = 00:00:26 ; elapsed = 00:00:19 . Memory (MB): peak = 2251.824 ; gain = 147.184

Phase 9 Depositing Routes
Phase 9 Depositing Routes | Checksum: 2e69fa750

Time (s): cpu = 00:00:27 ; elapsed = 00:00:19 . Memory (MB): peak = 2251.824 ; gain = 147.184

Phase 10 Post Router Timing
INFO: [Route 35-57] Estimated Timing Summary | WNS=4.664  | TNS=0.000  | WHS=0.011  | THS=0.000  |

INFO: [Route 35-327] The final timing numbers are based on the router estimated timing analysis. For a complete and accurate timing signoff, please run report_timing_summary.
Phase 10 Post Router Timing | Checksum: 2e69fa750

Time (s): cpu = 00:00:27 ; elapsed = 00:00:19 . Memory (MB): peak = 2251.824 ; gain = 147.184
INFO: [Route 35-16] Router Completed Successfully

Phase 11 Post-Route Event Processing
Phase 11 Post-Route Event Processing | Checksum: 1439796fd

Time (s): cpu = 00:00:27 ; elapsed = 00:00:19 . Memory (MB): peak = 2251.824 ; gain = 147.184
Ending Routing Task | Checksum: 1439796fd

Time (s): cpu = 00:00:27 ; elapsed = 00:00:19 . Memory (MB): peak = 2251.824 ; gain = 147.184

Routing Is Done.
INFO: [Common 17-83] Releasing license: Implementation
92 Infos, 0 Warnings, 0 Critical Warnings and 0 Errors encountered.
route_design completed successfully
route_design: Time (s): cpu = 00:00:28 ; elapsed = 00:00:20 . Memory (MB): peak = 2251.824 ; gain = 162.312
INFO: [runtcl-4] Executing : report_drc -file simon_cipher_top_encrypt_decrypt_drc_routed.rpt -pb simon_cipher_top_encrypt_decrypt_drc_routed.pb -rpx simon_cipher_top_encrypt_decrypt_drc_routed.rpx
Command: report_drc -file simon_cipher_top_encrypt_decrypt_drc_routed.rpt -pb simon_cipher_top_encrypt_decrypt_drc_routed.pb -rpx simon_cipher_top_encrypt_decrypt_drc_routed.rpx
INFO: [IP_Flow 19-1839] IP Catalog is up to date.
INFO: [DRC 23-27] Running DRC with 2 threads
INFO: [Vivado_Tcl 2-168] The results of DRC are in file C:/Users/USER/Documents/Leor Brenner/Final_Project/full_encrypt_decrypt_vivado/full_encrypt_decrypt_vivado.runs/impl_1/simon_cipher_top_encrypt_decrypt_drc_routed.rpt.
report_drc completed successfully
INFO: [runtcl-4] Executing : report_methodology -file simon_cipher_top_encrypt_decrypt_methodology_drc_routed.rpt -pb simon_cipher_top_encrypt_decrypt_methodology_drc_routed.pb -rpx simon_cipher_top_encrypt_decrypt_methodology_drc_routed.rpx
Command: report_methodology -file simon_cipher_top_encrypt_decrypt_methodology_drc_routed.rpt -pb simon_cipher_top_encrypt_decrypt_methodology_drc_routed.pb -rpx simon_cipher_top_encrypt_decrypt_methodology_drc_routed.rpx
INFO: [Timing 38-35] Done setting XDC timing constraints.
INFO: [DRC 23-133] Running Methodology with 2 threads
INFO: [Vivado_Tcl 2-1520] The results of Report Methodology are in file C:/Users/USER/Documents/Leor Brenner/Final_Project/full_encrypt_decrypt_vivado/full_encrypt_decrypt_vivado.runs/impl_1/simon_cipher_top_encrypt_decrypt_methodology_drc_routed.rpt.
report_methodology completed successfully
INFO: [runtcl-4] Executing : report_power -file simon_cipher_top_encrypt_decrypt_power_routed.rpt -pb simon_cipher_top_encrypt_decrypt_power_summary_routed.pb -rpx simon_cipher_top_encrypt_decrypt_power_routed.rpx
Command: report_power -file simon_cipher_top_encrypt_decrypt_power_routed.rpt -pb simon_cipher_top_encrypt_decrypt_power_summary_routed.pb -rpx simon_cipher_top_encrypt_decrypt_power_routed.rpx
INFO: [Timing 38-35] Done setting XDC timing constraints.
Running Vector-less Activity Propagation...

Finished Running Vector-less Activity Propagation
102 Infos, 0 Warnings, 0 Critical Warnings and 0 Errors encountered.
report_power completed successfully
INFO: [runtcl-4] Executing : report_route_status -file simon_cipher_top_encrypt_decrypt_route_status.rpt -pb simon_cipher_top_encrypt_decrypt_route_status.pb
INFO: [runtcl-4] Executing : report_timing_summary -max_paths 10 -report_unconstrained -file simon_cipher_top_encrypt_decrypt_timing_summary_routed.rpt -pb simon_cipher_top_encrypt_decrypt_timing_summary_routed.pb -rpx simon_cipher_top_encrypt_decrypt_timing_summary_routed.rpx -warn_on_violation 
INFO: [Timing 38-91] UpdateTimingParams: Speed grade: -1, Delay Type: min_max.
INFO: [Timing 38-191] Multithreading enabled for timing update using a maximum of 2 CPUs
INFO: [runtcl-4] Executing : report_incremental_reuse -file simon_cipher_top_encrypt_decrypt_incremental_reuse_routed.rpt
INFO: [Vivado_Tcl 4-1062] Incremental flow is disabled. No incremental reuse Info to report.
INFO: [runtcl-4] Executing : report_clock_utilization -file simon_cipher_top_encrypt_decrypt_clock_utilization_routed.rpt
INFO: [runtcl-4] Executing : report_bus_skew -warn_on_violation -file simon_cipher_top_encrypt_decrypt_bus_skew_routed.rpt -pb simon_cipher_top_encrypt_decrypt_bus_skew_routed.pb -rpx simon_cipher_top_encrypt_decrypt_bus_skew_routed.rpx
INFO: [Timing 38-91] UpdateTimingParams: Speed grade: -1, Delay Type: min_max.
INFO: [Timing 38-191] Multithreading enabled for timing update using a maximum of 2 CPUs
INFO: [Timing 38-480] Writing timing data to binary archive.
Write ShapeDB Complete: Time (s): cpu = 00:00:00 ; elapsed = 00:00:00.014 . Memory (MB): peak = 2279.383 ; gain = 5.961
Wrote PlaceDB: Time (s): cpu = 00:00:01 ; elapsed = 00:00:00.356 . Memory (MB): peak = 2280.676 ; gain = 1.293
Wrote PulsedLatchDB: Time (s): cpu = 00:00:00 ; elapsed = 00:00:00 . Memory (MB): peak = 2280.676 ; gain = 0.000
Writing XDEF routing.
Writing XDEF routing logical nets.
Writing XDEF routing special nets.
Wrote RouteStorage: Time (s): cpu = 00:00:00 ; elapsed = 00:00:00.058 . Memory (MB): peak = 2280.676 ; gain = 0.000
Wrote Netlist Cache: Time (s): cpu = 00:00:00 ; elapsed = 00:00:00.007 . Memory (MB): peak = 2280.676 ; gain = 0.000
Wrote Device Cache: Time (s): cpu = 00:00:00 ; elapsed = 00:00:00.005 . Memory (MB): peak = 2280.676 ; gain = 0.000
Write Physdb Complete: Time (s): cpu = 00:00:01 ; elapsed = 00:00:00.431 . Memory (MB): peak = 2280.676 ; gain = 7.254
INFO: [Common 17-1381] The checkpoint 'C:/Users/USER/Documents/Leor Brenner/Final_Project/full_encrypt_decrypt_vivado/full_encrypt_decrypt_vivado.runs/impl_1/simon_cipher_top_encrypt_decrypt_routed.dcp' has been generated.
INFO: [Common 17-206] Exiting Vivado at Sun Oct  6 23:41:31 2024...
