Copyright 1986-2022 Xilinx, Inc. All Rights Reserved. Copyright 2022-2023 Advanced Micro Devices, Inc. All Rights Reserved.
---------------------------------------------------------------------------------------------------------------------------------------------
| Tool Version : Vivado v.2023.2 (win64) Build 4029153 Fri Oct 13 20:14:34 MDT 2023
| Date         : Sun Oct  6 23:41:02 2024
| Host         : Leor-PC-5530 running 64-bit major release  (build 9200)
| Command      : report_control_sets -verbose -file simon_cipher_top_encrypt_decrypt_control_sets_placed.rpt
| Design       : simon_cipher_top_encrypt_decrypt
| Device       : xc7a35t
---------------------------------------------------------------------------------------------------------------------------------------------

Control Set Information

Table of Contents
-----------------
1. Summary
2. Histogram
3. Flip-Flop Distribution
4. Detailed Control Set Information

1. Summary
----------

+----------------------------------------------------------+-------+
|                          Status                          | Count |
+----------------------------------------------------------+-------+
| Total control sets                                       |    30 |
|    Minimum number of control sets                        |    30 |
|    Addition due to synthesis replication                 |     0 |
|    Addition due to physical synthesis replication        |     0 |
| Unused register locations in slices containing registers |    47 |
+----------------------------------------------------------+-------+
* Control sets can be merged at opt_design using control_set_merge or merge_equivalent_drivers
** Run report_qor_suggestions for automated merging and remapping suggestions


2. Histogram
------------

+--------------------+-------+
|       Fanout       | Count |
+--------------------+-------+
| Total control sets |    30 |
| >= 0 to < 4        |     2 |
| >= 4 to < 6        |     3 |
| >= 6 to < 8        |     1 |
| >= 8 to < 10       |    15 |
| >= 10 to < 12      |     2 |
| >= 12 to < 14      |     0 |
| >= 14 to < 16      |     1 |
| >= 16              |     6 |
+--------------------+-------+
* Control sets can be remapped at either synth_design or opt_design


3. Flip-Flop Distribution
-------------------------

+--------------+-----------------------+------------------------+-----------------+--------------+
| Clock Enable | Synchronous Set/Reset | Asynchronous Set/Reset | Total Registers | Total Slices |
+--------------+-----------------------+------------------------+-----------------+--------------+
| No           | No                    | No                     |             101 |           20 |
| No           | No                    | Yes                    |               0 |            0 |
| No           | Yes                   | No                     |            7197 |         1258 |
| Yes          | No                    | No                     |               1 |            1 |
| Yes          | No                    | Yes                    |               0 |            0 |
| Yes          | Yes                   | No                     |             238 |           46 |
+--------------+-----------------------+------------------------+-----------------+--------------+


4. Detailed Control Set Information
-----------------------------------

+----------------+---------------------------------------------------------------+--------------------------------------------------+------------------+----------------+--------------+
|  Clock Signal  |                         Enable Signal                         |                 Set/Reset Signal                 | Slice Load Count | Bel Load Count | Bels / Slice |
+----------------+---------------------------------------------------------------+--------------------------------------------------+------------------+----------------+--------------+
|  Clk_IBUF_BUFG | full_txd_do/txd_do/txd_data_out1_out                          | Rst_IBUF                                         |                1 |              1 |         1.00 |
|  Clk_IBUF_BUFG | full_rxd_do/rxd_do/check_start_end_bit2_out                   |                                                  |                1 |              1 |         1.00 |
|  Clk_IBUF_BUFG | full_txd_do/txd_do/FSM_onehot_my_txd_state_machine[3]_i_1_n_0 | Rst_IBUF                                         |                1 |              4 |         4.00 |
|  Clk_IBUF_BUFG | full_rxd_do/rxd_do/eqOp                                       | Rst_IBUF                                         |                1 |              5 |         5.00 |
|  Clk_IBUF_BUFG | full_rxd_do/rxd_done_current_reg_n_0                          | Rst_IBUF                                         |                2 |              5 |         2.50 |
|  Clk_IBUF_BUFG | encrypt/counter[6]_i_2_n_0                                    | encrypt/counter[6]_i_1_n_0                       |                2 |              7 |         3.50 |
|  Clk_IBUF_BUFG | full_txd_do/txd_do/input_data_internal[7]_i_1_n_0             | Rst_IBUF                                         |                1 |              8 |         8.00 |
|  Clk_IBUF_BUFG | full_txd_do/send_data_internal[7]_i_1_n_0                     | Rst_IBUF                                         |                2 |              8 |         4.00 |
|  Clk_IBUF_BUFG | full_rxd_do/all_data[15]_i_1_n_0                              | Rst_IBUF                                         |                2 |              8 |         4.00 |
|  Clk_IBUF_BUFG | full_rxd_do/all_data[31]_i_1_n_0                              | Rst_IBUF                                         |                1 |              8 |         8.00 |
|  Clk_IBUF_BUFG | full_rxd_do/all_data[63]_i_1_n_0                              | Rst_IBUF                                         |                1 |              8 |         8.00 |
|  Clk_IBUF_BUFG | full_rxd_do/all_data[39]_i_1_n_0                              | Rst_IBUF                                         |                2 |              8 |         4.00 |
|  Clk_IBUF_BUFG | full_rxd_do/all_data[71]_i_1_n_0                              | Rst_IBUF                                         |                1 |              8 |         8.00 |
|  Clk_IBUF_BUFG | full_rxd_do/all_data[79]_i_1_n_0                              | Rst_IBUF                                         |                1 |              8 |         8.00 |
|  Clk_IBUF_BUFG | full_rxd_do/all_data[47]_i_1_n_0                              | Rst_IBUF                                         |                2 |              8 |         4.00 |
|  Clk_IBUF_BUFG | full_rxd_do/all_data[7]_i_1_n_0                               | Rst_IBUF                                         |                1 |              8 |         8.00 |
|  Clk_IBUF_BUFG | full_rxd_do/all_data[87]_i_1_n_0                              | Rst_IBUF                                         |                1 |              8 |         8.00 |
|  Clk_IBUF_BUFG | full_rxd_do/all_data[95]_i_1_n_0                              | Rst_IBUF                                         |                1 |              8 |         8.00 |
|  Clk_IBUF_BUFG | full_rxd_do/all_data[23]_i_1_n_0                              | Rst_IBUF                                         |                1 |              8 |         8.00 |
|  Clk_IBUF_BUFG | full_rxd_do/all_data[55]_i_1_n_0                              | Rst_IBUF                                         |                1 |              8 |         8.00 |
|  Clk_IBUF_BUFG | decrypt/counter0                                              | encrypt/SR[0]                                    |                2 |              8 |         4.00 |
|  Clk_IBUF_BUFG |                                                               | encrypt/CPHRTXT_RDY_reg_0[0]                     |                3 |             10 |         3.33 |
|  Clk_IBUF_BUFG |                                                               | full_rxd_do/rxd_do/baud_rate_counter[10]_i_1_n_0 |                4 |             11 |         2.75 |
|  Clk_IBUF_BUFG |                                                               | full_txd_do/txd_do/clear                         |                4 |             15 |         3.75 |
|  Clk_IBUF_BUFG |                                                               | seven_seg_output/seven_seg_counter[0]_i_1_n_0    |                5 |             18 |         3.60 |
|  Clk_IBUF_BUFG |                                                               | decrypt/CPHRTXT[31]_i_1__0_n_0                   |                5 |             32 |         6.40 |
|  Clk_IBUF_BUFG |                                                               | encrypt/CPHRTXT[31]_i_1_n_0                      |                6 |             32 |         5.33 |
|  Clk_IBUF_BUFG | load_key_internal                                             | Rst_IBUF                                         |               19 |             96 |         5.05 |
|  Clk_IBUF_BUFG |                                                               |                                                  |               20 |            101 |         5.05 |
|  Clk_IBUF_BUFG |                                                               | Rst_IBUF                                         |             1231 |           7079 |         5.75 |
+----------------+---------------------------------------------------------------+--------------------------------------------------+------------------+----------------+--------------+


